test - [MSG]: Begin to analyze: PublicAPIField2.apk
RespAnalysis - [WARN]: 

RespAnalysis - [WARN]: Src: $r5 = virtualinvoke $r4.<android.telephony.TelephonyManager: java.lang.String getDeviceId()>() at <edu.mit.icc_intent_class_modeling.MainActivity: void onCreate(android.os.Bundle)> in edu.mit.icc_intent_class_modeling.MainActivity
RespAnalysis - [DEBUG]: Src: <dummyMainClass: void dummyMainMethod(java.lang.String[])>, Tgt: <edu.mit.icc_intent_class_modeling.MainActivity: void onCreate(android.os.Bundle)>
RespAnalysis - [MSG]: <edu.mit.icc_intent_class_modeling.MainActivity: void onCreate(android.os.Bundle)>: <edu.mit.icc_intent_class_modeling.MainActivity: void onCreate(android.os.Bundle)>
RespAnalysis - [DEBUG]: EntryClass: edu.mit.icc_intent_class_modeling.MainActivity
RespAnalysis - [MSG]: chainSet: [<edu.mit.icc_intent_class_modeling.MainActivity: void onCreate(android.os.Bundle)>]
RespAnalysis - [WARN]: 

RespAnalysis - [WARN]: Sink: virtualinvoke $r7.<android.telephony.SmsManager: void sendTextMessage(java.lang.String,java.lang.String,java.lang.String,android.app.PendingIntent,android.app.PendingIntent)>("+49", null, $r5, null, null) at <edu.mit.icc_intent_class_modeling.MainActivity: void onCreate(android.os.Bundle)> in edu.mit.icc_intent_class_modeling.MainActivity
RespAnalysis - [DEBUG]: Src: <dummyMainClass: void dummyMainMethod(java.lang.String[])>, Tgt: <edu.mit.icc_intent_class_modeling.MainActivity: void onCreate(android.os.Bundle)>
RespAnalysis - [MSG]: <edu.mit.icc_intent_class_modeling.MainActivity: void onCreate(android.os.Bundle)>: <edu.mit.icc_intent_class_modeling.MainActivity: void onCreate(android.os.Bundle)>
RespAnalysis - [DEBUG]: EntryClass: edu.mit.icc_intent_class_modeling.MainActivity
RespAnalysis - [MSG]: chainSet: [<edu.mit.icc_intent_class_modeling.MainActivity: void onCreate(android.os.Bundle)>]
RespAnalysis - [MSG]: C:/Users/hao/workspace/NetSemantic-Static/sootOutput/PublicAPIField2.apk\PublicAPIField2.apk_resp.csv
RespAnalysis - [MSG]: <edu.mit.icc_intent_class_modeling.MainActivity: void onCreate(android.os.Bundle)>
RespAnalysis - [MSG]: C:/Users/hao/workspace/NetSemantic-Static/sootOutput/PublicAPIField2.apk\PublicAPIField2.apk_src.csv
RespAnalysis - [MSG]: <edu.mit.icc_intent_class_modeling.MainActivity: void onCreate(android.os.Bundle)>
RespAnalysis - [MSG]: C:/Users/hao/workspace/NetSemantic-Static/sootOutput/PublicAPIField2.apk\PublicAPIField2.apk_StartActServ.csv
RespAnalysis - [MSG]: C:/Users/hao/workspace/NetSemantic-Static/sootOutput/PublicAPIField2.apk\PublicAPIField2.apk_FragDeclrs.csv
RespAnalysis - [MSG]: C:/Users/hao/workspace/NetSemantic-Static/sootOutput/PublicAPIField2.apk\PublicAPIField2.apk_UnknownInitFields.csv
RespAnalysis - [MSG]: C:/Users/hao/workspace/NetSemantic-Static/sootOutput/PublicAPIField2.apk\PublicAPIField2.apk_SrcEventChains.csv
RespAnalysis - [MSG]: edu.mit.icc_intent_class_modeling.MainActivity: onCreate
RespAnalysis - [MSG]: C:/Users/hao/workspace/NetSemantic-Static/sootOutput/PublicAPIField2.apk\PublicAPIField2.apk_SinkEventChains.csv
RespAnalysis - [MSG]: edu.mit.icc_intent_class_modeling.MainActivity: onCreate
test - [MSG]: Analysis has run for 15.539785212 seconds

