test - [MSG]: Begin to analyze: ActivityCommunication4.apk
RespAnalysis - [WARN]: 

RespAnalysis - [WARN]: Sink: virtualinvoke $r4.<android.telephony.SmsManager: void sendTextMessage(java.lang.String,java.lang.String,java.lang.String,android.app.PendingIntent,android.app.PendingIntent)>("+49", null, $r3, null, null) at <edu.mit.icc_concat_action_string.InFlowActivity: void onCreate(android.os.Bundle)> in edu.mit.icc_concat_action_string.InFlowActivity
RespAnalysis - [DEBUG]: Src: <dummyMainClass: void dummyMainMethod(java.lang.String[])>, Tgt: <edu.mit.icc_concat_action_string.InFlowActivity: void onCreate(android.os.Bundle)>
RespAnalysis - [MSG]: <edu.mit.icc_concat_action_string.InFlowActivity: void onCreate(android.os.Bundle)>: <edu.mit.icc_concat_action_string.InFlowActivity: void onCreate(android.os.Bundle)>
RespAnalysis - [DEBUG]: EntryClass: edu.mit.icc_concat_action_string.InFlowActivity
RespAnalysis - [MSG]: chainSet: [<edu.mit.icc_concat_action_string.InFlowActivity: void onCreate(android.os.Bundle)>]
RespAnalysis - [WARN]: 

RespAnalysis - [WARN]: Src: $r5 = virtualinvoke $r4.<android.telephony.TelephonyManager: java.lang.String getDeviceId()>() at <edu.mit.icc_concat_action_string.OutFlowActivity: void onCreate(android.os.Bundle)> in edu.mit.icc_concat_action_string.OutFlowActivity
RespAnalysis - [DEBUG]: Src: <dummyMainClass: void dummyMainMethod(java.lang.String[])>, Tgt: <edu.mit.icc_concat_action_string.OutFlowActivity: void onCreate(android.os.Bundle)>
RespAnalysis - [MSG]: <edu.mit.icc_concat_action_string.OutFlowActivity: void onCreate(android.os.Bundle)>: <edu.mit.icc_concat_action_string.OutFlowActivity: void onCreate(android.os.Bundle)>
RespAnalysis - [DEBUG]: EntryClass: edu.mit.icc_concat_action_string.OutFlowActivity
RespAnalysis - [MSG]: chainSet: [<edu.mit.icc_concat_action_string.OutFlowActivity: void onCreate(android.os.Bundle)>]
RespAnalysis - [MSG]: C:/Users/hao/workspace/NetSemantic-Static/sootOutput/ActivityCommunication4.apk\ActivityCommunication4.apk_resp.csv
RespAnalysis - [MSG]: <edu.mit.icc_concat_action_string.InFlowActivity: void onCreate(android.os.Bundle)>
RespAnalysis - [MSG]: C:/Users/hao/workspace/NetSemantic-Static/sootOutput/ActivityCommunication4.apk\ActivityCommunication4.apk_src.csv
RespAnalysis - [MSG]: <edu.mit.icc_concat_action_string.OutFlowActivity: void onCreate(android.os.Bundle)>
RespAnalysis - [MSG]: C:/Users/hao/workspace/NetSemantic-Static/sootOutput/ActivityCommunication4.apk\ActivityCommunication4.apk_StartActServ.csv
RespAnalysis - [MSG]: edu.mit.icc_concat_action_string.OutFlowActivity: onCreate
RespAnalysis - [MSG]: C:/Users/hao/workspace/NetSemantic-Static/sootOutput/ActivityCommunication4.apk\ActivityCommunication4.apk_FragDeclrs.csv
RespAnalysis - [MSG]: C:/Users/hao/workspace/NetSemantic-Static/sootOutput/ActivityCommunication4.apk\ActivityCommunication4.apk_UnknownInitFields.csv
RespAnalysis - [MSG]: C:/Users/hao/workspace/NetSemantic-Static/sootOutput/ActivityCommunication4.apk\ActivityCommunication4.apk_SrcEventChains.csv
RespAnalysis - [MSG]: edu.mit.icc_concat_action_string.OutFlowActivity: onCreate
RespAnalysis - [MSG]: C:/Users/hao/workspace/NetSemantic-Static/sootOutput/ActivityCommunication4.apk\ActivityCommunication4.apk_SinkEventChains.csv
RespAnalysis - [MSG]: edu.mit.icc_concat_action_string.InFlowActivity: onCreate
test - [MSG]: Analysis has run for 15.161405563 seconds

