test - [MSG]: Begin to analyze: AnonymousClass1.apk
RespAnalysis - [WARN]: 

RespAnalysis - [WARN]: Sink: virtualinvoke $r3.<android.telephony.SmsManager: void sendTextMessage(java.lang.String,java.lang.String,java.lang.String,android.app.PendingIntent,android.app.PendingIntent)>("+49", null, $r2, null, null) at <de.ecspride.AnnonymousClass1: void onResume()> in de.ecspride.AnnonymousClass1
RespAnalysis - [DEBUG]: Src: <dummyMainClass: void dummyMainMethod(java.lang.String[])>, Tgt: <de.ecspride.AnnonymousClass1: void onResume()>
RespAnalysis - [MSG]: <de.ecspride.AnnonymousClass1: void onResume()>: <de.ecspride.AnnonymousClass1: void onResume()>
RespAnalysis - [DEBUG]: EntryClass: de.ecspride.AnnonymousClass1
RespAnalysis - [MSG]: chainSet: [<de.ecspride.AnnonymousClass1: void onCreate(android.os.Bundle)>, <de.ecspride.AnnonymousClass1: void onResume()>]
RespAnalysis - [WARN]: 

RespAnalysis - [WARN]: Src: $d0 = virtualinvoke $r1.<android.location.Location: double getLatitude()>() at <de.ecspride.AnnonymousClass1$1: void onLocationChanged(android.location.Location)> in de.ecspride.AnnonymousClass1$1
RespAnalysis - [DEBUG]: Src: <dummyMainClass: void dummyMainMethod(java.lang.String[])>, Tgt: <de.ecspride.AnnonymousClass1$1: void onLocationChanged(android.location.Location)>
RespAnalysis - [MSG]: <de.ecspride.AnnonymousClass1$1: void onLocationChanged(android.location.Location)>: <de.ecspride.AnnonymousClass1$1: void onLocationChanged(android.location.Location)>
RespAnalysis - [DEBUG]: EntryClass: de.ecspride.AnnonymousClass1$1
RespAnalysis - [MSG]: chainSet: [<de.ecspride.AnnonymousClass1: void onCreate(android.os.Bundle)>, <de.ecspride.AnnonymousClass1$1: void onLocationChanged(android.location.Location)>]
RespAnalysis - [WARN]: 

RespAnalysis - [WARN]: Src: $d0 = virtualinvoke $r1.<android.location.Location: double getLongitude()>() at <de.ecspride.AnnonymousClass1$1: void onLocationChanged(android.location.Location)> in de.ecspride.AnnonymousClass1$1
RespAnalysis - [DEBUG]: Src: <dummyMainClass: void dummyMainMethod(java.lang.String[])>, Tgt: <de.ecspride.AnnonymousClass1$1: void onLocationChanged(android.location.Location)>
RespAnalysis - [MSG]: <de.ecspride.AnnonymousClass1$1: void onLocationChanged(android.location.Location)>: <de.ecspride.AnnonymousClass1$1: void onLocationChanged(android.location.Location)>
RespAnalysis - [DEBUG]: EntryClass: de.ecspride.AnnonymousClass1$1
RespAnalysis - [MSG]: chainSet: [<de.ecspride.AnnonymousClass1: void onCreate(android.os.Bundle)>, <de.ecspride.AnnonymousClass1$1: void onLocationChanged(android.location.Location)>]
RespAnalysis - [MSG]: C:/Users/hao/workspace/NetSemantic-Static/sootOutput/AnonymousClass1.apk\AnonymousClass1.apk_resp.csv
RespAnalysis - [MSG]: <de.ecspride.AnnonymousClass1: void onResume()>
RespAnalysis - [MSG]: C:/Users/hao/workspace/NetSemantic-Static/sootOutput/AnonymousClass1.apk\AnonymousClass1.apk_src.csv
RespAnalysis - [MSG]: <de.ecspride.AnnonymousClass1$1: void onLocationChanged(android.location.Location)>
RespAnalysis - [MSG]: <de.ecspride.AnnonymousClass1$1: void onLocationChanged(android.location.Location)>
RespAnalysis - [MSG]: C:/Users/hao/workspace/NetSemantic-Static/sootOutput/AnonymousClass1.apk\AnonymousClass1.apk_StartActServ.csv
RespAnalysis - [MSG]: C:/Users/hao/workspace/NetSemantic-Static/sootOutput/AnonymousClass1.apk\AnonymousClass1.apk_FragDeclrs.csv
RespAnalysis - [MSG]: C:/Users/hao/workspace/NetSemantic-Static/sootOutput/AnonymousClass1.apk\AnonymousClass1.apk_UnknownInitFields.csv
RespAnalysis - [MSG]: C:/Users/hao/workspace/NetSemantic-Static/sootOutput/AnonymousClass1.apk\AnonymousClass1.apk_SrcEventChains.csv
RespAnalysis - [MSG]: de.ecspride.AnnonymousClass1: onCreate
RespAnalysis - [MSG]: de.ecspride.AnnonymousClass1$1: onLocationChanged
RespAnalysis - [MSG]: C:/Users/hao/workspace/NetSemantic-Static/sootOutput/AnonymousClass1.apk\AnonymousClass1.apk_SinkEventChains.csv
RespAnalysis - [MSG]: de.ecspride.AnnonymousClass1: onCreate
RespAnalysis - [MSG]: de.ecspride.AnnonymousClass1: onResume
test - [MSG]: Analysis has run for 12.785991182 seconds

