test - [MSG]: Begin to analyze: LocationLeak1.apk
RespAnalysis - [WARN]: 

RespAnalysis - [WARN]: Sink: virtualinvoke $r3.<android.telephony.SmsManager: void sendTextMessage(java.lang.String,java.lang.String,java.lang.String,android.app.PendingIntent,android.app.PendingIntent)>("+49", null, $r2, null, null) at <de.ecspride.LocationLeak1: void onResume()> in de.ecspride.LocationLeak1
RespAnalysis - [DEBUG]: Src: <dummyMainClass: void dummyMainMethod(java.lang.String[])>, Tgt: <de.ecspride.LocationLeak1: void onResume()>
RespAnalysis - [MSG]: <de.ecspride.LocationLeak1: void onResume()>: <de.ecspride.LocationLeak1: void onResume()>
RespAnalysis - [DEBUG]: EntryClass: de.ecspride.LocationLeak1
RespAnalysis - [WARN]: 

RespAnalysis - [WARN]: Sink: virtualinvoke $r3.<android.telephony.SmsManager: void sendTextMessage(java.lang.String,java.lang.String,java.lang.String,android.app.PendingIntent,android.app.PendingIntent)>("+49", null, $r2, null, null) at <de.ecspride.LocationLeak1: void onResume()> in de.ecspride.LocationLeak1
RespAnalysis - [DEBUG]: Src: <dummyMainClass: void dummyMainMethod(java.lang.String[])>, Tgt: <de.ecspride.LocationLeak1: void onResume()>
RespAnalysis - [MSG]: <de.ecspride.LocationLeak1: void onResume()>: <de.ecspride.LocationLeak1: void onResume()>
RespAnalysis - [DEBUG]: EntryClass: de.ecspride.LocationLeak1
RespAnalysis - [WARN]: 

RespAnalysis - [WARN]: Src: $d0 = virtualinvoke $r1.<android.location.Location: double getLatitude()>() at <de.ecspride.LocationLeak1$MyLocationListener: void onLocationChanged(android.location.Location)> in de.ecspride.LocationLeak1$MyLocationListener
RespAnalysis - [DEBUG]: Src: <dummyMainClass: void dummyMainMethod(java.lang.String[])>, Tgt: <de.ecspride.LocationLeak1$MyLocationListener: void onLocationChanged(android.location.Location)>
RespAnalysis - [MSG]: <de.ecspride.LocationLeak1$MyLocationListener: void onLocationChanged(android.location.Location)>: <de.ecspride.LocationLeak1$MyLocationListener: void onLocationChanged(android.location.Location)>
RespAnalysis - [DEBUG]: EntryClass: de.ecspride.LocationLeak1$MyLocationListener
RespAnalysis - [WARN]: 

RespAnalysis - [WARN]: Src: $d1 = virtualinvoke $r1.<android.location.Location: double getLongitude()>() at <de.ecspride.LocationLeak1$MyLocationListener: void onLocationChanged(android.location.Location)> in de.ecspride.LocationLeak1$MyLocationListener
RespAnalysis - [DEBUG]: Src: <dummyMainClass: void dummyMainMethod(java.lang.String[])>, Tgt: <de.ecspride.LocationLeak1$MyLocationListener: void onLocationChanged(android.location.Location)>
RespAnalysis - [MSG]: <de.ecspride.LocationLeak1$MyLocationListener: void onLocationChanged(android.location.Location)>: <de.ecspride.LocationLeak1$MyLocationListener: void onLocationChanged(android.location.Location)>
RespAnalysis - [DEBUG]: EntryClass: de.ecspride.LocationLeak1$MyLocationListener
RespAnalysis - [MSG]: C:/Users/hao/workspace/NetSemantic-Static/sootOutput/LocationLeak1.apk\LocationLeak1.apk_resp.csv
RespAnalysis - [MSG]: <de.ecspride.LocationLeak1: void onResume()>
RespAnalysis - [MSG]: <de.ecspride.LocationLeak1: void onResume()>
RespAnalysis - [MSG]: C:/Users/hao/workspace/NetSemantic-Static/sootOutput/LocationLeak1.apk\LocationLeak1.apk_src.csv
RespAnalysis - [MSG]: <de.ecspride.LocationLeak1$MyLocationListener: void onLocationChanged(android.location.Location)>
RespAnalysis - [MSG]: <de.ecspride.LocationLeak1$MyLocationListener: void onLocationChanged(android.location.Location)>
RespAnalysis - [MSG]: C:/Users/hao/workspace/NetSemantic-Static/sootOutput/LocationLeak1.apk\LocationLeak1.apk_StartActServ.csv
RespAnalysis - [MSG]: C:/Users/hao/workspace/NetSemantic-Static/sootOutput/LocationLeak1.apk\LocationLeak1.apk_FragDeclrs.csv
RespAnalysis - [MSG]: C:/Users/hao/workspace/NetSemantic-Static/sootOutput/LocationLeak1.apk\LocationLeak1.apk_UnknownInitFields.csv
RespAnalysis - [MSG]: C:/Users/hao/workspace/NetSemantic-Static/sootOutput/LocationLeak1.apk\LocationLeak1.apk_SrcEventChains.csv
RespAnalysis - [MSG]: de.ecspride.LocationLeak1: onCreate
RespAnalysis - [MSG]: de.ecspride.LocationLeak1: onCreate
RespAnalysis - [MSG]: de.ecspride.LocationLeak1$MyLocationListener: onLocationChanged
RespAnalysis - [MSG]: C:/Users/hao/workspace/NetSemantic-Static/sootOutput/LocationLeak1.apk\LocationLeak1.apk_SinkEventChains.csv
RespAnalysis - [MSG]: de.ecspride.LocationLeak1: onCreate
RespAnalysis - [MSG]: de.ecspride.LocationLeak1: onCreate
RespAnalysis - [MSG]: de.ecspride.LocationLeak1: onResume
test - [MSG]: Analysis has run for 13.384284124 seconds

