test - [MSG]: Begin to analyze: LocationLeak2.apk
RespAnalysis - [WARN]: 

RespAnalysis - [WARN]: Src: $d0 = virtualinvoke $r1.<android.location.Location: double getLatitude()>() at <de.ecspride.LocationLeak2: void onLocationChanged(android.location.Location)> in de.ecspride.LocationLeak2
RespAnalysis - [DEBUG]: Src: <dummyMainClass: void dummyMainMethod(java.lang.String[])>, Tgt: <de.ecspride.LocationLeak2: void onLocationChanged(android.location.Location)>
RespAnalysis - [MSG]: <de.ecspride.LocationLeak2: void onLocationChanged(android.location.Location)>: <de.ecspride.LocationLeak2: void onLocationChanged(android.location.Location)>
RespAnalysis - [DEBUG]: EntryClass: de.ecspride.LocationLeak2
RespAnalysis - [MSG]: chainSet: [<de.ecspride.LocationLeak2: void onCreate(android.os.Bundle)>, <de.ecspride.LocationLeak2: void onLocationChanged(android.location.Location)>]
RespAnalysis - [WARN]: 

RespAnalysis - [WARN]: Src: $d1 = virtualinvoke $r1.<android.location.Location: double getLongitude()>() at <de.ecspride.LocationLeak2: void onLocationChanged(android.location.Location)> in de.ecspride.LocationLeak2
RespAnalysis - [DEBUG]: Src: <dummyMainClass: void dummyMainMethod(java.lang.String[])>, Tgt: <de.ecspride.LocationLeak2: void onLocationChanged(android.location.Location)>
RespAnalysis - [MSG]: <de.ecspride.LocationLeak2: void onLocationChanged(android.location.Location)>: <de.ecspride.LocationLeak2: void onLocationChanged(android.location.Location)>
RespAnalysis - [DEBUG]: EntryClass: de.ecspride.LocationLeak2
RespAnalysis - [MSG]: chainSet: [<de.ecspride.LocationLeak2: void onCreate(android.os.Bundle)>, <de.ecspride.LocationLeak2: void onLocationChanged(android.location.Location)>]
RespAnalysis - [WARN]: 

RespAnalysis - [WARN]: Sink: virtualinvoke $r3.<android.telephony.SmsManager: void sendTextMessage(java.lang.String,java.lang.String,java.lang.String,android.app.PendingIntent,android.app.PendingIntent)>("+49", null, $r2, null, null) at <de.ecspride.LocationLeak2: void onResume()> in de.ecspride.LocationLeak2
RespAnalysis - [DEBUG]: Src: <dummyMainClass: void dummyMainMethod(java.lang.String[])>, Tgt: <de.ecspride.LocationLeak2: void onResume()>
RespAnalysis - [MSG]: <de.ecspride.LocationLeak2: void onResume()>: <de.ecspride.LocationLeak2: void onResume()>
RespAnalysis - [DEBUG]: EntryClass: de.ecspride.LocationLeak2
RespAnalysis - [MSG]: chainSet: [<de.ecspride.LocationLeak2: void onCreate(android.os.Bundle)>, <de.ecspride.LocationLeak2: void onResume()>]
RespAnalysis - [MSG]: C:/Users/hao/workspace/NetSemantic-Static/sootOutput/LocationLeak2.apk\LocationLeak2.apk_resp.csv
RespAnalysis - [MSG]: <de.ecspride.LocationLeak2: void onResume()>
RespAnalysis - [MSG]: C:/Users/hao/workspace/NetSemantic-Static/sootOutput/LocationLeak2.apk\LocationLeak2.apk_src.csv
RespAnalysis - [MSG]: <de.ecspride.LocationLeak2: void onLocationChanged(android.location.Location)>
RespAnalysis - [MSG]: <de.ecspride.LocationLeak2: void onLocationChanged(android.location.Location)>
RespAnalysis - [MSG]: C:/Users/hao/workspace/NetSemantic-Static/sootOutput/LocationLeak2.apk\LocationLeak2.apk_StartActServ.csv
RespAnalysis - [MSG]: C:/Users/hao/workspace/NetSemantic-Static/sootOutput/LocationLeak2.apk\LocationLeak2.apk_FragDeclrs.csv
RespAnalysis - [MSG]: C:/Users/hao/workspace/NetSemantic-Static/sootOutput/LocationLeak2.apk\LocationLeak2.apk_UnknownInitFields.csv
RespAnalysis - [MSG]: C:/Users/hao/workspace/NetSemantic-Static/sootOutput/LocationLeak2.apk\LocationLeak2.apk_SrcEventChains.csv
RespAnalysis - [MSG]: de.ecspride.LocationLeak2: onCreate
RespAnalysis - [MSG]: de.ecspride.LocationLeak2: onLocationChanged
RespAnalysis - [MSG]: C:/Users/hao/workspace/NetSemantic-Static/sootOutput/LocationLeak2.apk\LocationLeak2.apk_SinkEventChains.csv
RespAnalysis - [MSG]: de.ecspride.LocationLeak2: onCreate
RespAnalysis - [MSG]: de.ecspride.LocationLeak2: onResume
test - [MSG]: Analysis has run for 25.849048291 seconds

