test - [MSG]: Begin to analyze: Reflection1.apk
RespAnalysis - [WARN]: 

RespAnalysis - [WARN]: Src: $r2 = virtualinvoke $r6.<android.telephony.TelephonyManager: java.lang.String getDeviceId()>() at <de.ecspride.MainActivity: void onCreate(android.os.Bundle)> in de.ecspride.MainActivity
RespAnalysis - [DEBUG]: Src: <dummyMainClass: void dummyMainMethod(java.lang.String[])>, Tgt: <de.ecspride.MainActivity: void onCreate(android.os.Bundle)>
RespAnalysis - [MSG]: <de.ecspride.MainActivity: void onCreate(android.os.Bundle)>: <de.ecspride.MainActivity: void onCreate(android.os.Bundle)>
RespAnalysis - [DEBUG]: EntryClass: de.ecspride.MainActivity
RespAnalysis - [MSG]: chainSet: [<de.ecspride.MainActivity: void onCreate(android.os.Bundle)>]
RespAnalysis - [WARN]: 

RespAnalysis - [WARN]: Sink: virtualinvoke $r7.<android.telephony.SmsManager: void sendTextMessage(java.lang.String,java.lang.String,java.lang.String,android.app.PendingIntent,android.app.PendingIntent)>("+49 1234", null, $r2, null, null) at <de.ecspride.MainActivity: void onCreate(android.os.Bundle)> in de.ecspride.MainActivity
RespAnalysis - [DEBUG]: Src: <dummyMainClass: void dummyMainMethod(java.lang.String[])>, Tgt: <de.ecspride.MainActivity: void onCreate(android.os.Bundle)>
RespAnalysis - [MSG]: <de.ecspride.MainActivity: void onCreate(android.os.Bundle)>: <de.ecspride.MainActivity: void onCreate(android.os.Bundle)>
RespAnalysis - [DEBUG]: EntryClass: de.ecspride.MainActivity
RespAnalysis - [MSG]: chainSet: [<de.ecspride.MainActivity: void onCreate(android.os.Bundle)>]
RespAnalysis - [MSG]: C:/Users/hao/workspace/NetSemantic-Static/sootOutput/Reflection1.apk\Reflection1.apk_resp.csv
RespAnalysis - [MSG]: <de.ecspride.MainActivity: void onCreate(android.os.Bundle)>
RespAnalysis - [MSG]: C:/Users/hao/workspace/NetSemantic-Static/sootOutput/Reflection1.apk\Reflection1.apk_src.csv
RespAnalysis - [MSG]: <de.ecspride.MainActivity: void onCreate(android.os.Bundle)>
RespAnalysis - [MSG]: C:/Users/hao/workspace/NetSemantic-Static/sootOutput/Reflection1.apk\Reflection1.apk_StartActServ.csv
RespAnalysis - [MSG]: C:/Users/hao/workspace/NetSemantic-Static/sootOutput/Reflection1.apk\Reflection1.apk_FragDeclrs.csv
RespAnalysis - [MSG]: C:/Users/hao/workspace/NetSemantic-Static/sootOutput/Reflection1.apk\Reflection1.apk_UnknownInitFields.csv
RespAnalysis - [MSG]: C:/Users/hao/workspace/NetSemantic-Static/sootOutput/Reflection1.apk\Reflection1.apk_SrcEventChains.csv
RespAnalysis - [MSG]: de.ecspride.MainActivity: onCreate
RespAnalysis - [MSG]: C:/Users/hao/workspace/NetSemantic-Static/sootOutput/Reflection1.apk\Reflection1.apk_SinkEventChains.csv
RespAnalysis - [MSG]: de.ecspride.MainActivity: onCreate
test - [MSG]: Analysis has run for 14.600476738 seconds

