test - [MSG]: Begin to analyze: Exceptions2.apk
RespAnalysis - [WARN]: 

RespAnalysis - [WARN]: <org.xmlpull.v1.XmlPullParserException: void <init>(java.lang.String)> has no active body!
RespAnalysis - [WARN]: 

RespAnalysis - [WARN]: <org.xmlpull.v1.XmlPullParserException: void <init>(java.lang.String,org.xmlpull.v1.XmlPullParser,java.lang.Throwable)> has no active body!
RespAnalysis - [WARN]: 

RespAnalysis - [WARN]: <org.xmlpull.v1.XmlPullParserException: java.lang.Throwable getDetail()> has no active body!
RespAnalysis - [WARN]: 

RespAnalysis - [WARN]: <org.xmlpull.v1.XmlPullParserException: int getLineNumber()> has no active body!
RespAnalysis - [WARN]: 

RespAnalysis - [WARN]: <org.xmlpull.v1.XmlPullParserException: int getColumnNumber()> has no active body!
RespAnalysis - [WARN]: 

RespAnalysis - [WARN]: <org.xmlpull.v1.XmlPullParserException: void printStackTrace()> has no active body!
RespAnalysis - [WARN]: 

RespAnalysis - [WARN]: <org.xmlpull.v1.XmlSerializer: void setFeature(java.lang.String,boolean)> has no active body!
RespAnalysis - [WARN]: 

RespAnalysis - [WARN]: <org.xmlpull.v1.XmlSerializer: boolean getFeature(java.lang.String)> has no active body!
RespAnalysis - [WARN]: 

RespAnalysis - [WARN]: <org.xmlpull.v1.XmlSerializer: void setProperty(java.lang.String,java.lang.Object)> has no active body!
RespAnalysis - [WARN]: 

RespAnalysis - [WARN]: <org.xmlpull.v1.XmlSerializer: java.lang.Object getProperty(java.lang.String)> has no active body!
RespAnalysis - [WARN]: 

RespAnalysis - [WARN]: <org.xmlpull.v1.XmlSerializer: void setOutput(java.io.OutputStream,java.lang.String)> has no active body!
RespAnalysis - [WARN]: 

RespAnalysis - [WARN]: <org.xmlpull.v1.XmlSerializer: void setOutput(java.io.Writer)> has no active body!
RespAnalysis - [WARN]: 

RespAnalysis - [WARN]: <org.xmlpull.v1.XmlSerializer: void startDocument(java.lang.String,java.lang.Boolean)> has no active body!
RespAnalysis - [WARN]: 

RespAnalysis - [WARN]: <org.xmlpull.v1.XmlSerializer: void endDocument()> has no active body!
RespAnalysis - [WARN]: 

RespAnalysis - [WARN]: <org.xmlpull.v1.XmlSerializer: void setPrefix(java.lang.String,java.lang.String)> has no active body!
RespAnalysis - [WARN]: 

RespAnalysis - [WARN]: <org.xmlpull.v1.XmlSerializer: java.lang.String getPrefix(java.lang.String,boolean)> has no active body!
RespAnalysis - [WARN]: 

RespAnalysis - [WARN]: <org.xmlpull.v1.XmlSerializer: int getDepth()> has no active body!
RespAnalysis - [WARN]: 

RespAnalysis - [WARN]: <org.xmlpull.v1.XmlSerializer: java.lang.String getNamespace()> has no active body!
RespAnalysis - [WARN]: 

RespAnalysis - [WARN]: <org.xmlpull.v1.XmlSerializer: java.lang.String getName()> has no active body!
RespAnalysis - [WARN]: 

RespAnalysis - [WARN]: <org.xmlpull.v1.XmlSerializer: org.xmlpull.v1.XmlSerializer startTag(java.lang.String,java.lang.String)> has no active body!
RespAnalysis - [WARN]: 

RespAnalysis - [WARN]: <org.xmlpull.v1.XmlSerializer: org.xmlpull.v1.XmlSerializer attribute(java.lang.String,java.lang.String,java.lang.String)> has no active body!
RespAnalysis - [WARN]: 

RespAnalysis - [WARN]: <org.xmlpull.v1.XmlSerializer: org.xmlpull.v1.XmlSerializer endTag(java.lang.String,java.lang.String)> has no active body!
RespAnalysis - [WARN]: 

RespAnalysis - [WARN]: <org.xmlpull.v1.XmlSerializer: org.xmlpull.v1.XmlSerializer text(java.lang.String)> has no active body!
RespAnalysis - [WARN]: 

RespAnalysis - [WARN]: <org.xmlpull.v1.XmlSerializer: org.xmlpull.v1.XmlSerializer text(char[],int,int)> has no active body!
RespAnalysis - [WARN]: 

RespAnalysis - [WARN]: <org.xmlpull.v1.XmlSerializer: void cdsect(java.lang.String)> has no active body!
RespAnalysis - [WARN]: 

RespAnalysis - [WARN]: <org.xmlpull.v1.XmlSerializer: void entityRef(java.lang.String)> has no active body!
RespAnalysis - [WARN]: 

RespAnalysis - [WARN]: <org.xmlpull.v1.XmlSerializer: void processingInstruction(java.lang.String)> has no active body!
RespAnalysis - [WARN]: 

RespAnalysis - [WARN]: <org.xmlpull.v1.XmlSerializer: void comment(java.lang.String)> has no active body!
RespAnalysis - [WARN]: 

RespAnalysis - [WARN]: <org.xmlpull.v1.XmlSerializer: void docdecl(java.lang.String)> has no active body!
RespAnalysis - [WARN]: 

RespAnalysis - [WARN]: <org.xmlpull.v1.XmlSerializer: void ignorableWhitespace(java.lang.String)> has no active body!
RespAnalysis - [WARN]: 

RespAnalysis - [WARN]: <org.xmlpull.v1.XmlSerializer: void flush()> has no active body!
RespAnalysis - [WARN]: 

RespAnalysis - [WARN]: <org.xmlpull.v1.XmlPullParser: void setFeature(java.lang.String,boolean)> has no active body!
RespAnalysis - [WARN]: 

RespAnalysis - [WARN]: <org.xmlpull.v1.XmlPullParser: boolean getFeature(java.lang.String)> has no active body!
RespAnalysis - [WARN]: 

RespAnalysis - [WARN]: <org.xmlpull.v1.XmlPullParser: void setProperty(java.lang.String,java.lang.Object)> has no active body!
RespAnalysis - [WARN]: 

RespAnalysis - [WARN]: <org.xmlpull.v1.XmlPullParser: java.lang.Object getProperty(java.lang.String)> has no active body!
RespAnalysis - [WARN]: 

RespAnalysis - [WARN]: <org.xmlpull.v1.XmlPullParser: void setInput(java.io.Reader)> has no active body!
RespAnalysis - [WARN]: 

RespAnalysis - [WARN]: <org.xmlpull.v1.XmlPullParser: void setInput(java.io.InputStream,java.lang.String)> has no active body!
RespAnalysis - [WARN]: 

RespAnalysis - [WARN]: <org.xmlpull.v1.XmlPullParser: java.lang.String getInputEncoding()> has no active body!
RespAnalysis - [WARN]: 

RespAnalysis - [WARN]: <org.xmlpull.v1.XmlPullParser: void defineEntityReplacementText(java.lang.String,java.lang.String)> has no active body!
RespAnalysis - [WARN]: 

RespAnalysis - [WARN]: <org.xmlpull.v1.XmlPullParser: int getNamespaceCount(int)> has no active body!
RespAnalysis - [WARN]: 

RespAnalysis - [WARN]: <org.xmlpull.v1.XmlPullParser: java.lang.String getNamespacePrefix(int)> has no active body!
RespAnalysis - [WARN]: 

RespAnalysis - [WARN]: <org.xmlpull.v1.XmlPullParser: java.lang.String getNamespaceUri(int)> has no active body!
RespAnalysis - [WARN]: 

RespAnalysis - [WARN]: <org.xmlpull.v1.XmlPullParser: java.lang.String getNamespace(java.lang.String)> has no active body!
RespAnalysis - [WARN]: 

RespAnalysis - [WARN]: <org.xmlpull.v1.XmlPullParser: int getDepth()> has no active body!
RespAnalysis - [WARN]: 

RespAnalysis - [WARN]: <org.xmlpull.v1.XmlPullParser: java.lang.String getPositionDescription()> has no active body!
RespAnalysis - [WARN]: 

RespAnalysis - [WARN]: <org.xmlpull.v1.XmlPullParser: int getLineNumber()> has no active body!
RespAnalysis - [WARN]: 

RespAnalysis - [WARN]: <org.xmlpull.v1.XmlPullParser: int getColumnNumber()> has no active body!
RespAnalysis - [WARN]: 

RespAnalysis - [WARN]: <org.xmlpull.v1.XmlPullParser: boolean isWhitespace()> has no active body!
RespAnalysis - [WARN]: 

RespAnalysis - [WARN]: <org.xmlpull.v1.XmlPullParser: java.lang.String getText()> has no active body!
RespAnalysis - [WARN]: 

RespAnalysis - [WARN]: <org.xmlpull.v1.XmlPullParser: char[] getTextCharacters(int[])> has no active body!
RespAnalysis - [WARN]: 

RespAnalysis - [WARN]: <org.xmlpull.v1.XmlPullParser: java.lang.String getNamespace()> has no active body!
RespAnalysis - [WARN]: 

RespAnalysis - [WARN]: <org.xmlpull.v1.XmlPullParser: java.lang.String getName()> has no active body!
RespAnalysis - [WARN]: 

RespAnalysis - [WARN]: <org.xmlpull.v1.XmlPullParser: java.lang.String getPrefix()> has no active body!
RespAnalysis - [WARN]: 

RespAnalysis - [WARN]: <org.xmlpull.v1.XmlPullParser: boolean isEmptyElementTag()> has no active body!
RespAnalysis - [WARN]: 

RespAnalysis - [WARN]: <org.xmlpull.v1.XmlPullParser: int getAttributeCount()> has no active body!
RespAnalysis - [WARN]: 

RespAnalysis - [WARN]: <org.xmlpull.v1.XmlPullParser: java.lang.String getAttributeNamespace(int)> has no active body!
RespAnalysis - [WARN]: 

RespAnalysis - [WARN]: <org.xmlpull.v1.XmlPullParser: java.lang.String getAttributeName(int)> has no active body!
RespAnalysis - [WARN]: 

RespAnalysis - [WARN]: <org.xmlpull.v1.XmlPullParser: java.lang.String getAttributePrefix(int)> has no active body!
RespAnalysis - [WARN]: 

RespAnalysis - [WARN]: <org.xmlpull.v1.XmlPullParser: java.lang.String getAttributeType(int)> has no active body!
RespAnalysis - [WARN]: 

RespAnalysis - [WARN]: <org.xmlpull.v1.XmlPullParser: boolean isAttributeDefault(int)> has no active body!
RespAnalysis - [WARN]: 

RespAnalysis - [WARN]: <org.xmlpull.v1.XmlPullParser: java.lang.String getAttributeValue(int)> has no active body!
RespAnalysis - [WARN]: 

RespAnalysis - [WARN]: <org.xmlpull.v1.XmlPullParser: java.lang.String getAttributeValue(java.lang.String,java.lang.String)> has no active body!
RespAnalysis - [WARN]: 

RespAnalysis - [WARN]: <org.xmlpull.v1.XmlPullParser: int getEventType()> has no active body!
RespAnalysis - [WARN]: 

RespAnalysis - [WARN]: <org.xmlpull.v1.XmlPullParser: int next()> has no active body!
RespAnalysis - [WARN]: 

RespAnalysis - [WARN]: <org.xmlpull.v1.XmlPullParser: int nextToken()> has no active body!
RespAnalysis - [WARN]: 

RespAnalysis - [WARN]: <org.xmlpull.v1.XmlPullParser: void require(int,java.lang.String,java.lang.String)> has no active body!
RespAnalysis - [WARN]: 

RespAnalysis - [WARN]: <org.xmlpull.v1.XmlPullParser: java.lang.String nextText()> has no active body!
RespAnalysis - [WARN]: 

RespAnalysis - [WARN]: <org.xmlpull.v1.XmlPullParser: int nextTag()> has no active body!
RespAnalysis - [WARN]: 

RespAnalysis - [WARN]: <org.xmlpull.v1.XmlPullParser: void <clinit>()> has no active body!
RespAnalysis - [WARN]: 

RespAnalysis - [WARN]: <org.xml.sax.XMLReader: boolean getFeature(java.lang.String)> has no active body!
RespAnalysis - [WARN]: 

RespAnalysis - [WARN]: <org.xml.sax.XMLReader: void setFeature(java.lang.String,boolean)> has no active body!
RespAnalysis - [WARN]: 

RespAnalysis - [WARN]: <org.xml.sax.XMLReader: java.lang.Object getProperty(java.lang.String)> has no active body!
RespAnalysis - [WARN]: 

RespAnalysis - [WARN]: <org.xml.sax.XMLReader: void setProperty(java.lang.String,java.lang.Object)> has no active body!
RespAnalysis - [WARN]: 

RespAnalysis - [WARN]: <org.xml.sax.XMLReader: void setEntityResolver(org.xml.sax.EntityResolver)> has no active body!
RespAnalysis - [WARN]: 

RespAnalysis - [WARN]: <org.xml.sax.XMLReader: org.xml.sax.EntityResolver getEntityResolver()> has no active body!
RespAnalysis - [WARN]: 

RespAnalysis - [WARN]: <org.xml.sax.XMLReader: void setDTDHandler(org.xml.sax.DTDHandler)> has no active body!
RespAnalysis - [WARN]: 

RespAnalysis - [WARN]: <org.xml.sax.XMLReader: org.xml.sax.DTDHandler getDTDHandler()> has no active body!
RespAnalysis - [WARN]: 

RespAnalysis - [WARN]: <org.xml.sax.XMLReader: void setContentHandler(org.xml.sax.ContentHandler)> has no active body!
RespAnalysis - [WARN]: 

RespAnalysis - [WARN]: <org.xml.sax.XMLReader: org.xml.sax.ContentHandler getContentHandler()> has no active body!
RespAnalysis - [WARN]: 

RespAnalysis - [WARN]: <org.xml.sax.XMLReader: void setErrorHandler(org.xml.sax.ErrorHandler)> has no active body!
RespAnalysis - [WARN]: 

RespAnalysis - [WARN]: <org.xml.sax.XMLReader: org.xml.sax.ErrorHandler getErrorHandler()> has no active body!
RespAnalysis - [WARN]: 

RespAnalysis - [WARN]: <org.xml.sax.XMLReader: void parse(org.xml.sax.InputSource)> has no active body!
RespAnalysis - [WARN]: 

RespAnalysis - [WARN]: <org.xml.sax.XMLReader: void parse(java.lang.String)> has no active body!
RespAnalysis - [WARN]: 

RespAnalysis - [WARN]: <org.xml.sax.SAXNotRecognizedException: void <init>()> has no active body!
RespAnalysis - [WARN]: 

RespAnalysis - [WARN]: <org.xml.sax.SAXNotRecognizedException: void <init>(java.lang.String)> has no active body!
RespAnalysis - [WARN]: 

RespAnalysis - [WARN]: <org.xml.sax.SAXNotSupportedException: void <init>()> has no active body!
RespAnalysis - [WARN]: 

RespAnalysis - [WARN]: <org.xml.sax.SAXNotSupportedException: void <init>(java.lang.String)> has no active body!
RespAnalysis - [WARN]: 

RespAnalysis - [WARN]: <org.xml.sax.SAXException: void <init>()> has no active body!
RespAnalysis - [WARN]: 

RespAnalysis - [WARN]: <org.xml.sax.SAXException: void <init>(java.lang.String)> has no active body!
RespAnalysis - [WARN]: 

RespAnalysis - [WARN]: <org.xml.sax.SAXException: void <init>(java.lang.Exception)> has no active body!
RespAnalysis - [WARN]: 

RespAnalysis - [WARN]: <org.xml.sax.SAXException: void <init>(java.lang.String,java.lang.Exception)> has no active body!
RespAnalysis - [WARN]: 

RespAnalysis - [WARN]: <org.xml.sax.SAXException: java.lang.String getMessage()> has no active body!
RespAnalysis - [WARN]: 

RespAnalysis - [WARN]: <org.xml.sax.SAXException: java.lang.Exception getException()> has no active body!
RespAnalysis - [WARN]: 

RespAnalysis - [WARN]: <org.xml.sax.SAXException: java.lang.String toString()> has no active body!
RespAnalysis - [WARN]: 

RespAnalysis - [WARN]: <org.xml.sax.EntityResolver: org.xml.sax.InputSource resolveEntity(java.lang.String,java.lang.String)> has no active body!
RespAnalysis - [WARN]: 

RespAnalysis - [WARN]: <org.xml.sax.DTDHandler: void notationDecl(java.lang.String,java.lang.String,java.lang.String)> has no active body!
RespAnalysis - [WARN]: 

RespAnalysis - [WARN]: <org.xml.sax.DTDHandler: void unparsedEntityDecl(java.lang.String,java.lang.String,java.lang.String,java.lang.String)> has no active body!
RespAnalysis - [WARN]: 

RespAnalysis - [WARN]: <org.xml.sax.ContentHandler: void setDocumentLocator(org.xml.sax.Locator)> has no active body!
RespAnalysis - [WARN]: 

RespAnalysis - [WARN]: <org.xml.sax.ContentHandler: void startDocument()> has no active body!
RespAnalysis - [WARN]: 

RespAnalysis - [WARN]: <org.xml.sax.ContentHandler: void endDocument()> has no active body!
RespAnalysis - [WARN]: 

RespAnalysis - [WARN]: <org.xml.sax.ContentHandler: void startPrefixMapping(java.lang.String,java.lang.String)> has no active body!
RespAnalysis - [WARN]: 

RespAnalysis - [WARN]: <org.xml.sax.ContentHandler: void endPrefixMapping(java.lang.String)> has no active body!
RespAnalysis - [WARN]: 

RespAnalysis - [WARN]: <org.xml.sax.ContentHandler: void startElement(java.lang.String,java.lang.String,java.lang.String,org.xml.sax.Attributes)> has no active body!
RespAnalysis - [WARN]: 

RespAnalysis - [WARN]: <org.xml.sax.ContentHandler: void endElement(java.lang.String,java.lang.String,java.lang.String)> has no active body!
RespAnalysis - [WARN]: 

RespAnalysis - [WARN]: <org.xml.sax.ContentHandler: void characters(char[],int,int)> has no active body!
RespAnalysis - [WARN]: 

RespAnalysis - [WARN]: <org.xml.sax.ContentHandler: void ignorableWhitespace(char[],int,int)> has no active body!
RespAnalysis - [WARN]: 

RespAnalysis - [WARN]: <org.xml.sax.ContentHandler: void processingInstruction(java.lang.String,java.lang.String)> has no active body!
RespAnalysis - [WARN]: 

RespAnalysis - [WARN]: <org.xml.sax.ContentHandler: void skippedEntity(java.lang.String)> has no active body!
RespAnalysis - [WARN]: 

RespAnalysis - [WARN]: <org.xml.sax.ErrorHandler: void warning(org.xml.sax.SAXParseException)> has no active body!
RespAnalysis - [WARN]: 

RespAnalysis - [WARN]: <org.xml.sax.ErrorHandler: void error(org.xml.sax.SAXParseException)> has no active body!
RespAnalysis - [WARN]: 

RespAnalysis - [WARN]: <org.xml.sax.ErrorHandler: void fatalError(org.xml.sax.SAXParseException)> has no active body!
RespAnalysis - [WARN]: 

RespAnalysis - [WARN]: <org.xml.sax.InputSource: void <init>()> has no active body!
RespAnalysis - [WARN]: 

RespAnalysis - [WARN]: <org.xml.sax.InputSource: void <init>(java.lang.String)> has no active body!
RespAnalysis - [WARN]: 

RespAnalysis - [WARN]: <org.xml.sax.InputSource: void <init>(java.io.InputStream)> has no active body!
RespAnalysis - [WARN]: 

RespAnalysis - [WARN]: <org.xml.sax.InputSource: void <init>(java.io.Reader)> has no active body!
RespAnalysis - [WARN]: 

RespAnalysis - [WARN]: <org.xml.sax.InputSource: void setPublicId(java.lang.String)> has no active body!
RespAnalysis - [WARN]: 

RespAnalysis - [WARN]: <org.xml.sax.InputSource: java.lang.String getPublicId()> has no active body!
RespAnalysis - [WARN]: 

RespAnalysis - [WARN]: <org.xml.sax.InputSource: void setSystemId(java.lang.String)> has no active body!
RespAnalysis - [WARN]: 

RespAnalysis - [WARN]: <org.xml.sax.InputSource: java.lang.String getSystemId()> has no active body!
RespAnalysis - [WARN]: 

RespAnalysis - [WARN]: <org.xml.sax.InputSource: void setByteStream(java.io.InputStream)> has no active body!
RespAnalysis - [WARN]: 

RespAnalysis - [WARN]: <org.xml.sax.InputSource: java.io.InputStream getByteStream()> has no active body!
RespAnalysis - [WARN]: 

RespAnalysis - [WARN]: <org.xml.sax.InputSource: void setEncoding(java.lang.String)> has no active body!
RespAnalysis - [WARN]: 

RespAnalysis - [WARN]: <org.xml.sax.InputSource: java.lang.String getEncoding()> has no active body!
RespAnalysis - [WARN]: 

RespAnalysis - [WARN]: <org.xml.sax.InputSource: void setCharacterStream(java.io.Reader)> has no active body!
RespAnalysis - [WARN]: 

RespAnalysis - [WARN]: <org.xml.sax.InputSource: java.io.Reader getCharacterStream()> has no active body!
RespAnalysis - [WARN]: 

RespAnalysis - [WARN]: <org.xml.sax.Locator: java.lang.String getPublicId()> has no active body!
RespAnalysis - [WARN]: 

RespAnalysis - [WARN]: <org.xml.sax.Locator: java.lang.String getSystemId()> has no active body!
RespAnalysis - [WARN]: 

RespAnalysis - [WARN]: <org.xml.sax.Locator: int getLineNumber()> has no active body!
RespAnalysis - [WARN]: 

RespAnalysis - [WARN]: <org.xml.sax.Locator: int getColumnNumber()> has no active body!
RespAnalysis - [WARN]: 

RespAnalysis - [WARN]: <org.xml.sax.Attributes: int getLength()> has no active body!
RespAnalysis - [WARN]: 

RespAnalysis - [WARN]: <org.xml.sax.Attributes: java.lang.String getURI(int)> has no active body!
RespAnalysis - [WARN]: 

RespAnalysis - [WARN]: <org.xml.sax.Attributes: java.lang.String getLocalName(int)> has no active body!
RespAnalysis - [WARN]: 

RespAnalysis - [WARN]: <org.xml.sax.Attributes: java.lang.String getQName(int)> has no active body!
RespAnalysis - [WARN]: 

RespAnalysis - [WARN]: <org.xml.sax.Attributes: java.lang.String getType(int)> has no active body!
RespAnalysis - [WARN]: 

RespAnalysis - [WARN]: <org.xml.sax.Attributes: java.lang.String getValue(int)> has no active body!
RespAnalysis - [WARN]: 

RespAnalysis - [WARN]: <org.xml.sax.Attributes: int getIndex(java.lang.String,java.lang.String)> has no active body!
RespAnalysis - [WARN]: 

RespAnalysis - [WARN]: <org.xml.sax.Attributes: int getIndex(java.lang.String)> has no active body!
RespAnalysis - [WARN]: 

RespAnalysis - [WARN]: <org.xml.sax.Attributes: java.lang.String getType(java.lang.String,java.lang.String)> has no active body!
RespAnalysis - [WARN]: 

RespAnalysis - [WARN]: <org.xml.sax.Attributes: java.lang.String getType(java.lang.String)> has no active body!
RespAnalysis - [WARN]: 

RespAnalysis - [WARN]: <org.xml.sax.Attributes: java.lang.String getValue(java.lang.String,java.lang.String)> has no active body!
RespAnalysis - [WARN]: 

RespAnalysis - [WARN]: <org.xml.sax.Attributes: java.lang.String getValue(java.lang.String)> has no active body!
RespAnalysis - [WARN]: 

RespAnalysis - [WARN]: <org.xml.sax.SAXParseException: void <init>(java.lang.String,org.xml.sax.Locator)> has no active body!
RespAnalysis - [WARN]: 

RespAnalysis - [WARN]: <org.xml.sax.SAXParseException: void <init>(java.lang.String,org.xml.sax.Locator,java.lang.Exception)> has no active body!
RespAnalysis - [WARN]: 

RespAnalysis - [WARN]: <org.xml.sax.SAXParseException: void <init>(java.lang.String,java.lang.String,java.lang.String,int,int)> has no active body!
RespAnalysis - [WARN]: 

RespAnalysis - [WARN]: <org.xml.sax.SAXParseException: void <init>(java.lang.String,java.lang.String,java.lang.String,int,int,java.lang.Exception)> has no active body!
RespAnalysis - [WARN]: 

RespAnalysis - [WARN]: <org.xml.sax.SAXParseException: java.lang.String getPublicId()> has no active body!
RespAnalysis - [WARN]: 

RespAnalysis - [WARN]: <org.xml.sax.SAXParseException: java.lang.String getSystemId()> has no active body!
RespAnalysis - [WARN]: 

RespAnalysis - [WARN]: <org.xml.sax.SAXParseException: int getLineNumber()> has no active body!
RespAnalysis - [WARN]: 

RespAnalysis - [WARN]: <org.xml.sax.SAXParseException: int getColumnNumber()> has no active body!
RespAnalysis - [WARN]: 

RespAnalysis - [WARN]: <de.ecspride.BuildConfig: void <init>()> has no active body!
RespAnalysis - [WARN]: 

RespAnalysis - [WARN]: <de.ecspride.R$attr: void <init>()> has no active body!
RespAnalysis - [WARN]: 

RespAnalysis - [WARN]: <de.ecspride.R: void <init>()> has no active body!
RespAnalysis - [WARN]: 

RespAnalysis - [WARN]: <de.ecspride.R$dimen: void <init>()> has no active body!
RespAnalysis - [WARN]: 

RespAnalysis - [WARN]: <de.ecspride.R$drawable: void <init>()> has no active body!
RespAnalysis - [WARN]: 

RespAnalysis - [WARN]: <de.ecspride.R$id: void <init>()> has no active body!
RespAnalysis - [WARN]: 

RespAnalysis - [WARN]: <de.ecspride.R$layout: void <init>()> has no active body!
RespAnalysis - [WARN]: 

RespAnalysis - [WARN]: <de.ecspride.R$menu: void <init>()> has no active body!
RespAnalysis - [WARN]: 

RespAnalysis - [WARN]: <de.ecspride.R$string: void <init>()> has no active body!
RespAnalysis - [WARN]: 

RespAnalysis - [WARN]: <de.ecspride.R$style: void <init>()> has no active body!
RespAnalysis - [MSG]: ./sootOutput/Exceptions2.apk_resp.csv
RespAnalysis - [MSG]: ./sootOutput/Exceptions2.apk_resp_StartAct.csv
test - [MSG]: Analysis has run for 29.198093637 seconds

