test - [MSG]: Begin to analyze: Button3.apk
RespAnalysis - [WARN]: 

RespAnalysis - [WARN]: Src: $r5 = virtualinvoke $r4.<android.telephony.TelephonyManager: java.lang.String getDeviceId()>() at <de.ecspride.Button1Listener: void onClick(android.view.View)> in de.ecspride.Button1Listener
RespAnalysis - [DEBUG]: Src: <dummyMainClass: void dummyMainMethod(java.lang.String[])>, Tgt: <de.ecspride.Button1Listener: void onClick(android.view.View)>
RespAnalysis - [MSG]: <de.ecspride.Button1Listener: void onClick(android.view.View)>: <de.ecspride.Button1Listener: void onClick(android.view.View)>
RespAnalysis - [DEBUG]: EntryClass: de.ecspride.Button1Listener
RespAnalysis - [DEBUG]: Listener found: de.ecspride.Button1Listener
RespAnalysis - [WARN]: 

RespAnalysis - [WARN]: Sink: virtualinvoke $r5.<android.telephony.SmsManager: void sendTextMessage(java.lang.String,java.lang.String,java.lang.String,android.app.PendingIntent,android.app.PendingIntent)>("+49", null, $r4, null, null) at <de.ecspride.Button2Listener: void onClick(android.view.View)> in de.ecspride.Button2Listener
RespAnalysis - [DEBUG]: Src: <dummyMainClass: void dummyMainMethod(java.lang.String[])>, Tgt: <de.ecspride.Button2Listener: void onClick(android.view.View)>
RespAnalysis - [MSG]: <de.ecspride.Button2Listener: void onClick(android.view.View)>: <de.ecspride.Button2Listener: void onClick(android.view.View)>
RespAnalysis - [DEBUG]: EntryClass: de.ecspride.Button2Listener
RespAnalysis - [DEBUG]: Listener found: de.ecspride.Button2Listener
RespAnalysis - [MSG]: C:/Users/hao/workspace/NetSemantic-Static/sootOutput/Button3.apk\Button3.apk_resp.csv
RespAnalysis - [MSG]: <de.ecspride.Button2Listener: void onClick(android.view.View)>
RespAnalysis - [MSG]: C:/Users/hao/workspace/NetSemantic-Static/sootOutput/Button3.apk\Button3.apk_src.csv
RespAnalysis - [MSG]: <de.ecspride.Button1Listener: void onClick(android.view.View)>
RespAnalysis - [MSG]: C:/Users/hao/workspace/NetSemantic-Static/sootOutput/Button3.apk\Button3.apk_StartActServ.csv
RespAnalysis - [MSG]: C:/Users/hao/workspace/NetSemantic-Static/sootOutput/Button3.apk\Button3.apk_FragDeclrs.csv
RespAnalysis - [MSG]: C:/Users/hao/workspace/NetSemantic-Static/sootOutput/Button3.apk\Button3.apk_UnknownInitFields.csv
RespAnalysis - [WARN]: [<de.ecspride.MainActivity: void onCreate(android.os.Bundle)>, <de.ecspride.Button1Listener: void onClick(android.view.View)>]
RespAnalysis - [MSG]: C:/Users/hao/workspace/NetSemantic-Static/sootOutput/Button3.apk\Button3.apk_SrcEventChains.csv
RespAnalysis - [MSG]: de.ecspride.MainActivity: onCreate
RespAnalysis - [MSG]: de.ecspride.Button1Listener: onClick
RespAnalysis - [MSG]: C:/Users/hao/workspace/NetSemantic-Static/sootOutput/Button3.apk\Button3.apk_SinkEventChains.csv
RespAnalysis - [MSG]: de.ecspride.Button2Listener: onClick
test - [MSG]: Analysis has run for 15.889920463 seconds

