test - [MSG]: Begin to analyze: Merge1.apk
RespAnalysis - [WARN]: 

RespAnalysis - [WARN]: Src: $r7 = virtualinvoke $r6.<android.telephony.TelephonyManager: java.lang.String getDeviceId()>() at <de.ecspride.MainActivity: void aliasFlowTest()> in de.ecspride.MainActivity
RespAnalysis - [DEBUG]: Src: <de.ecspride.MainActivity: void onCreate(android.os.Bundle)>, Tgt: <de.ecspride.MainActivity: void aliasFlowTest()>
RespAnalysis - [DEBUG]: Src: <dummyMainClass: void dummyMainMethod(java.lang.String[])>, Tgt: <de.ecspride.MainActivity: void onCreate(android.os.Bundle)>
RespAnalysis - [MSG]: <de.ecspride.MainActivity: void aliasFlowTest()>: <de.ecspride.MainActivity: void onCreate(android.os.Bundle)>
RespAnalysis - [DEBUG]: EntryClass: de.ecspride.MainActivity
RespAnalysis - [MSG]: chainSet: [<de.ecspride.MainActivity: void onCreate(android.os.Bundle)>]
RespAnalysis - [WARN]: 

RespAnalysis - [WARN]: Sink: virtualinvoke $r8.<android.telephony.SmsManager: void sendTextMessage(java.lang.String,java.lang.String,java.lang.String,android.app.PendingIntent,android.app.PendingIntent)>("+49 1234", null, $r7, null, null) at <de.ecspride.MainActivity: void aliasFlowTest()> in de.ecspride.MainActivity
RespAnalysis - [DEBUG]: Src: <de.ecspride.MainActivity: void onCreate(android.os.Bundle)>, Tgt: <de.ecspride.MainActivity: void aliasFlowTest()>
RespAnalysis - [DEBUG]: Src: <dummyMainClass: void dummyMainMethod(java.lang.String[])>, Tgt: <de.ecspride.MainActivity: void onCreate(android.os.Bundle)>
RespAnalysis - [MSG]: <de.ecspride.MainActivity: void aliasFlowTest()>: <de.ecspride.MainActivity: void onCreate(android.os.Bundle)>
RespAnalysis - [DEBUG]: EntryClass: de.ecspride.MainActivity
RespAnalysis - [MSG]: chainSet: [<de.ecspride.MainActivity: void onCreate(android.os.Bundle)>]
RespAnalysis - [MSG]: C:/Users/hao/workspace/NetSemantic-Static/sootOutput/Merge1.apk\Merge1.apk_resp.csv
RespAnalysis - [MSG]: <de.ecspride.MainActivity: void aliasFlowTest()>
RespAnalysis - [MSG]: <de.ecspride.MainActivity: void onCreate(android.os.Bundle)>
RespAnalysis - [MSG]: C:/Users/hao/workspace/NetSemantic-Static/sootOutput/Merge1.apk\Merge1.apk_src.csv
RespAnalysis - [MSG]: <de.ecspride.MainActivity: void aliasFlowTest()>
RespAnalysis - [MSG]: <de.ecspride.MainActivity: void onCreate(android.os.Bundle)>
RespAnalysis - [MSG]: C:/Users/hao/workspace/NetSemantic-Static/sootOutput/Merge1.apk\Merge1.apk_StartActServ.csv
RespAnalysis - [MSG]: C:/Users/hao/workspace/NetSemantic-Static/sootOutput/Merge1.apk\Merge1.apk_FragDeclrs.csv
RespAnalysis - [MSG]: Fragment: de.ecspride.MainActivity, <dummyMainClass: void dummyMainMethod(java.lang.String[])>
RespAnalysis - [MSG]: Fragment: android.support.v4.app.Fragment, <de.ecspride.MainActivity$PlaceholderFragment: void <init>()>
RespAnalysis - [MSG]: Fragment: android.support.v7.app.ActionBarActivity, <de.ecspride.MainActivity: void <init>()>
RespAnalysis - [MSG]: Fragment: de.ecspride.MainActivity$PlaceholderFragment, <de.ecspride.MainActivity: void onCreate(android.os.Bundle)>
RespAnalysis - [MSG]: C:/Users/hao/workspace/NetSemantic-Static/sootOutput/Merge1.apk\Merge1.apk_UnknownInitFields.csv
RespAnalysis - [MSG]: C:/Users/hao/workspace/NetSemantic-Static/sootOutput/Merge1.apk\Merge1.apk_SrcEventChains.csv
RespAnalysis - [MSG]: de.ecspride.MainActivity: onCreate
RespAnalysis - [MSG]: C:/Users/hao/workspace/NetSemantic-Static/sootOutput/Merge1.apk\Merge1.apk_SinkEventChains.csv
RespAnalysis - [MSG]: de.ecspride.MainActivity: onCreate
test - [MSG]: Analysis has run for 54.637604328 seconds

