test - [MSG]: Begin to analyze: JavaThread1.apk
RespAnalysis - [WARN]: 

RespAnalysis - [WARN]: Src: $r6 = virtualinvoke $r4.<android.telephony.TelephonyManager: java.lang.String getDeviceId()>() at <de.ecspride.MainActivity: void onCreate(android.os.Bundle)> in de.ecspride.MainActivity
RespAnalysis - [DEBUG]: Src: <dummyMainClass: void dummyMainMethod(java.lang.String[])>, Tgt: <de.ecspride.MainActivity: void onCreate(android.os.Bundle)>
RespAnalysis - [MSG]: <de.ecspride.MainActivity: void onCreate(android.os.Bundle)>: <de.ecspride.MainActivity: void onCreate(android.os.Bundle)>
RespAnalysis - [WARN]: 

RespAnalysis - [WARN]: Sink: virtualinvoke $r1.<android.telephony.SmsManager: void sendTextMessage(java.lang.String,java.lang.String,java.lang.String,android.app.PendingIntent,android.app.PendingIntent)>("+49", null, $r2, null, null) at <de.ecspride.MainActivity$MyThread: void run()> in de.ecspride.MainActivity$MyThread
RespAnalysis - [DEBUG]: Src: <de.ecspride.MainActivity: void onCreate(android.os.Bundle)>, Tgt: <de.ecspride.MainActivity$MyThread: void run()>
RespAnalysis - [DEBUG]: Src: <dummyMainClass: void dummyMainMethod(java.lang.String[])>, Tgt: <de.ecspride.MainActivity: void onCreate(android.os.Bundle)>
RespAnalysis - [MSG]: <de.ecspride.MainActivity$MyThread: void run()>: <de.ecspride.MainActivity: void onCreate(android.os.Bundle)>
RespAnalysis - [MSG]: C:/Users/hao/workspace/NetSemantic-Static/sootOutput/JavaThread1.apk\JavaThread1.apk_resp.csv
RespAnalysis - [MSG]: <de.ecspride.MainActivity$MyThread: void run()>
RespAnalysis - [MSG]: <de.ecspride.MainActivity: void onCreate(android.os.Bundle)>
RespAnalysis - [MSG]: C:/Users/hao/workspace/NetSemantic-Static/sootOutput/JavaThread1.apk\JavaThread1.apk_src.csv
RespAnalysis - [MSG]: <de.ecspride.MainActivity: void onCreate(android.os.Bundle)>
RespAnalysis - [MSG]: C:/Users/hao/workspace/NetSemantic-Static/sootOutput/JavaThread1.apk\JavaThread1.apk_StartActServ.csv
RespAnalysis - [MSG]: C:/Users/hao/workspace/NetSemantic-Static/sootOutput/JavaThread1.apk\JavaThread1.apk_FragDeclrs.csv
RespAnalysis - [MSG]: C:/Users/hao/workspace/NetSemantic-Static/sootOutput/JavaThread1.apk\JavaThread1.apk_UnknownInitFields.csv
RespAnalysis - [MSG]: C:/Users/hao/workspace/NetSemantic-Static/sootOutput/JavaThread1.apk\JavaThread1.apk_SrcEventChains.csv
RespAnalysis - [MSG]: de.ecspride.MainActivity: onCreate
RespAnalysis - [MSG]: C:/Users/hao/workspace/NetSemantic-Static/sootOutput/JavaThread1.apk\JavaThread1.apk_SinkEventChains.csv
RespAnalysis - [MSG]: de.ecspride.MainActivity: onCreate
test - [MSG]: Analysis has run for 21.556005984 seconds

