test - [MSG]: Begin to analyze: Button5.apk
RespAnalysis - [WARN]: 

RespAnalysis - [WARN]: Src: $r4 = virtualinvoke $r3.<android.telephony.TelephonyManager: java.lang.String getDeviceId()>() at <edu.mit.button_object_allocation.Button1: void onCreate(android.os.Bundle)> in edu.mit.button_object_allocation.Button1
RespAnalysis - [DEBUG]: Src: <dummyMainClass: void dummyMainMethod(java.lang.String[])>, Tgt: <edu.mit.button_object_allocation.Button1: void onCreate(android.os.Bundle)>
RespAnalysis - [MSG]: <edu.mit.button_object_allocation.Button1: void onCreate(android.os.Bundle)>: <edu.mit.button_object_allocation.Button1: void onCreate(android.os.Bundle)>
RespAnalysis - [DEBUG]: EntryClass: edu.mit.button_object_allocation.Button1
RespAnalysis - [WARN]: 

RespAnalysis - [WARN]: Sink: virtualinvoke $r5.<android.telephony.SmsManager: void sendTextMessage(java.lang.String,java.lang.String,java.lang.String,android.app.PendingIntent,android.app.PendingIntent)>("+49", null, $r4, null, null) at <edu.mit.button_object_allocation.Button1: void sendMessage(android.view.View)> in edu.mit.button_object_allocation.Button1
RespAnalysis - [DEBUG]: Src: <dummyMainClass: void dummyMainMethod(java.lang.String[])>, Tgt: <edu.mit.button_object_allocation.Button1: void sendMessage(android.view.View)>
RespAnalysis - [MSG]: <edu.mit.button_object_allocation.Button1: void sendMessage(android.view.View)>: <edu.mit.button_object_allocation.Button1: void sendMessage(android.view.View)>
RespAnalysis - [DEBUG]: EntryClass: edu.mit.button_object_allocation.Button1
RespAnalysis - [MSG]: C:/Users/hao/workspace/NetSemantic-Static/sootOutput/Button5.apk\Button5.apk_resp.csv
RespAnalysis - [MSG]: <edu.mit.button_object_allocation.Button1: void sendMessage(android.view.View)>
RespAnalysis - [MSG]: C:/Users/hao/workspace/NetSemantic-Static/sootOutput/Button5.apk\Button5.apk_src.csv
RespAnalysis - [MSG]: <edu.mit.button_object_allocation.Button1: void onCreate(android.os.Bundle)>
RespAnalysis - [MSG]: C:/Users/hao/workspace/NetSemantic-Static/sootOutput/Button5.apk\Button5.apk_StartActServ.csv
RespAnalysis - [MSG]: C:/Users/hao/workspace/NetSemantic-Static/sootOutput/Button5.apk\Button5.apk_FragDeclrs.csv
RespAnalysis - [MSG]: C:/Users/hao/workspace/NetSemantic-Static/sootOutput/Button5.apk\Button5.apk_UnknownInitFields.csv
RespAnalysis - [MSG]: C:/Users/hao/workspace/NetSemantic-Static/sootOutput/Button5.apk\Button5.apk_SrcEventChains.csv
RespAnalysis - [MSG]: edu.mit.button_object_allocation.Button1: onCreate
RespAnalysis - [MSG]: C:/Users/hao/workspace/NetSemantic-Static/sootOutput/Button5.apk\Button5.apk_SinkEventChains.csv
RespAnalysis - [MSG]: edu.mit.button_object_allocation.Button1: onCreate
RespAnalysis - [MSG]: edu.mit.button_object_allocation.Button1: sendMessage
test - [MSG]: Analysis has run for 16.582670036 seconds

