test - [MSG]: Begin to analyze: Serialization1.apk
RespAnalysis - [WARN]: 

RespAnalysis - [WARN]: Src: $r9 = virtualinvoke $r8.<android.telephony.TelephonyManager: java.lang.String getDeviceId()>() at <edu.mit.serialization.MainActivity: void onCreate(android.os.Bundle)> in edu.mit.serialization.MainActivity
RespAnalysis - [DEBUG]: Src: <dummyMainClass: void dummyMainMethod(java.lang.String[])>, Tgt: <edu.mit.serialization.MainActivity: void onCreate(android.os.Bundle)>
RespAnalysis - [MSG]: <edu.mit.serialization.MainActivity: void onCreate(android.os.Bundle)>: <edu.mit.serialization.MainActivity: void onCreate(android.os.Bundle)>
RespAnalysis - [DEBUG]: EntryClass: edu.mit.serialization.MainActivity
RespAnalysis - [MSG]: chainSet: [<edu.mit.serialization.MainActivity: void onCreate(android.os.Bundle)>]
RespAnalysis - [WARN]: 

RespAnalysis - [WARN]: Sink: virtualinvoke $r11.<android.telephony.SmsManager: void sendTextMessage(java.lang.String,java.lang.String,java.lang.String,android.app.PendingIntent,android.app.PendingIntent)>("+49 1234", null, $r9, null, null) at <edu.mit.serialization.MainActivity: void onCreate(android.os.Bundle)> in edu.mit.serialization.MainActivity
RespAnalysis - [DEBUG]: Src: <dummyMainClass: void dummyMainMethod(java.lang.String[])>, Tgt: <edu.mit.serialization.MainActivity: void onCreate(android.os.Bundle)>
RespAnalysis - [MSG]: <edu.mit.serialization.MainActivity: void onCreate(android.os.Bundle)>: <edu.mit.serialization.MainActivity: void onCreate(android.os.Bundle)>
RespAnalysis - [DEBUG]: EntryClass: edu.mit.serialization.MainActivity
RespAnalysis - [MSG]: chainSet: [<edu.mit.serialization.MainActivity: void onCreate(android.os.Bundle)>]
RespAnalysis - [MSG]: C:/Users/hao/workspace/NetSemantic-Static/sootOutput/Serialization1.apk\Serialization1.apk_resp.csv
RespAnalysis - [MSG]: <edu.mit.serialization.MainActivity: void onCreate(android.os.Bundle)>
RespAnalysis - [MSG]: C:/Users/hao/workspace/NetSemantic-Static/sootOutput/Serialization1.apk\Serialization1.apk_src.csv
RespAnalysis - [MSG]: <edu.mit.serialization.MainActivity: void onCreate(android.os.Bundle)>
RespAnalysis - [MSG]: C:/Users/hao/workspace/NetSemantic-Static/sootOutput/Serialization1.apk\Serialization1.apk_StartActServ.csv
RespAnalysis - [MSG]: C:/Users/hao/workspace/NetSemantic-Static/sootOutput/Serialization1.apk\Serialization1.apk_FragDeclrs.csv
RespAnalysis - [MSG]: C:/Users/hao/workspace/NetSemantic-Static/sootOutput/Serialization1.apk\Serialization1.apk_UnknownInitFields.csv
RespAnalysis - [MSG]: C:/Users/hao/workspace/NetSemantic-Static/sootOutput/Serialization1.apk\Serialization1.apk_SrcEventChains.csv
RespAnalysis - [MSG]: edu.mit.serialization.MainActivity: onCreate
RespAnalysis - [MSG]: C:/Users/hao/workspace/NetSemantic-Static/sootOutput/Serialization1.apk\Serialization1.apk_SinkEventChains.csv
RespAnalysis - [MSG]: edu.mit.serialization.MainActivity: onCreate
test - [MSG]: Analysis has run for 8.53666369 seconds

