test - [MSG]: Begin to analyze: ActivityCommunication6.apk
RespAnalysis - [WARN]: 

RespAnalysis - [WARN]: Sink: virtualinvoke $r4.<android.telephony.SmsManager: void sendTextMessage(java.lang.String,java.lang.String,java.lang.String,android.app.PendingIntent,android.app.PendingIntent)>("+49", null, $r3, null, null) at <edu.mit.icc_intent_passed_through_api.InFlowActivity: void onCreate(android.os.Bundle)> in edu.mit.icc_intent_passed_through_api.InFlowActivity
RespAnalysis - [DEBUG]: Src: <dummyMainClass: void dummyMainMethod(java.lang.String[])>, Tgt: <edu.mit.icc_intent_passed_through_api.InFlowActivity: void onCreate(android.os.Bundle)>
RespAnalysis - [MSG]: <edu.mit.icc_intent_passed_through_api.InFlowActivity: void onCreate(android.os.Bundle)>: <edu.mit.icc_intent_passed_through_api.InFlowActivity: void onCreate(android.os.Bundle)>
RespAnalysis - [DEBUG]: EntryClass: edu.mit.icc_intent_passed_through_api.InFlowActivity
RespAnalysis - [MSG]: chainSet: [<edu.mit.icc_intent_passed_through_api.InFlowActivity: void onCreate(android.os.Bundle)>]
RespAnalysis - [WARN]: 

RespAnalysis - [WARN]: Src: $r6 = virtualinvoke $r5.<android.telephony.TelephonyManager: java.lang.String getDeviceId()>() at <edu.mit.icc_intent_passed_through_api.OutFlowActivity: void onCreate(android.os.Bundle)> in edu.mit.icc_intent_passed_through_api.OutFlowActivity
RespAnalysis - [DEBUG]: Src: <dummyMainClass: void dummyMainMethod(java.lang.String[])>, Tgt: <edu.mit.icc_intent_passed_through_api.OutFlowActivity: void onCreate(android.os.Bundle)>
RespAnalysis - [MSG]: <edu.mit.icc_intent_passed_through_api.OutFlowActivity: void onCreate(android.os.Bundle)>: <edu.mit.icc_intent_passed_through_api.OutFlowActivity: void onCreate(android.os.Bundle)>
RespAnalysis - [DEBUG]: EntryClass: edu.mit.icc_intent_passed_through_api.OutFlowActivity
RespAnalysis - [MSG]: chainSet: [<edu.mit.icc_intent_passed_through_api.OutFlowActivity: void onCreate(android.os.Bundle)>]
RespAnalysis - [MSG]: C:/Users/hao/workspace/NetSemantic-Static/sootOutput/ActivityCommunication6.apk\ActivityCommunication6.apk_resp.csv
RespAnalysis - [MSG]: <edu.mit.icc_intent_passed_through_api.InFlowActivity: void onCreate(android.os.Bundle)>
RespAnalysis - [MSG]: C:/Users/hao/workspace/NetSemantic-Static/sootOutput/ActivityCommunication6.apk\ActivityCommunication6.apk_src.csv
RespAnalysis - [MSG]: <edu.mit.icc_intent_passed_through_api.OutFlowActivity: void onCreate(android.os.Bundle)>
RespAnalysis - [MSG]: C:/Users/hao/workspace/NetSemantic-Static/sootOutput/ActivityCommunication6.apk\ActivityCommunication6.apk_StartActServ.csv
RespAnalysis - [MSG]: edu.mit.icc_intent_passed_through_api.OutFlowActivity: onCreate
RespAnalysis - [MSG]: C:/Users/hao/workspace/NetSemantic-Static/sootOutput/ActivityCommunication6.apk\ActivityCommunication6.apk_FragDeclrs.csv
RespAnalysis - [MSG]: C:/Users/hao/workspace/NetSemantic-Static/sootOutput/ActivityCommunication6.apk\ActivityCommunication6.apk_UnknownInitFields.csv
RespAnalysis - [MSG]: C:/Users/hao/workspace/NetSemantic-Static/sootOutput/ActivityCommunication6.apk\ActivityCommunication6.apk_SrcEventChains.csv
RespAnalysis - [MSG]: edu.mit.icc_intent_passed_through_api.OutFlowActivity: onCreate
RespAnalysis - [MSG]: C:/Users/hao/workspace/NetSemantic-Static/sootOutput/ActivityCommunication6.apk\ActivityCommunication6.apk_SinkEventChains.csv
RespAnalysis - [MSG]: edu.mit.icc_intent_passed_through_api.InFlowActivity: onCreate
test - [MSG]: Analysis has run for 15.202234307 seconds

