test - [MSG]: Begin to analyze: ApplicationModeling1.apk
RespAnalysis - [WARN]: 

RespAnalysis - [WARN]: Sink: virtualinvoke $r5.<android.telephony.SmsManager: void sendTextMessage(java.lang.String,java.lang.String,java.lang.String,android.app.PendingIntent,android.app.PendingIntent)>("+49", null, $r4, null, null) at <edu.mit.application_modeling.AnotherActivity: void onCreate(android.os.Bundle)> in edu.mit.application_modeling.AnotherActivity
RespAnalysis - [MSG]: <edu.mit.application_modeling.AnotherActivity: void onCreate(android.os.Bundle)>: <edu.mit.application_modeling.AnotherActivity: void onCreate(android.os.Bundle)>
RespAnalysis - [DEBUG]: EntryClass: edu.mit.application_modeling.AnotherActivity
RespAnalysis - [MSG]: chainSet: [<edu.mit.application_modeling.AnotherActivity: void onCreate(android.os.Bundle)>]
RespAnalysis - [WARN]: 

RespAnalysis - [WARN]: Src: $r5 = virtualinvoke $r4.<android.telephony.TelephonyManager: java.lang.String getDeviceId()>() at <edu.mit.application_modeling.MainActivity: void onCreate(android.os.Bundle)> in edu.mit.application_modeling.MainActivity
RespAnalysis - [DEBUG]: Src: <dummyMainClass: void dummyMainMethod(java.lang.String[])>, Tgt: <edu.mit.application_modeling.MainActivity: void onCreate(android.os.Bundle)>
RespAnalysis - [MSG]: <edu.mit.application_modeling.MainActivity: void onCreate(android.os.Bundle)>: <edu.mit.application_modeling.MainActivity: void onCreate(android.os.Bundle)>
RespAnalysis - [DEBUG]: EntryClass: edu.mit.application_modeling.MainActivity
RespAnalysis - [MSG]: chainSet: [<edu.mit.application_modeling.MainActivity: void onCreate(android.os.Bundle)>]
RespAnalysis - [MSG]: C:/Users/hao/workspace/NetSemantic-Static/sootOutput/ApplicationModeling1.apk\ApplicationModeling1.apk_resp.csv
RespAnalysis - [MSG]: <edu.mit.application_modeling.AnotherActivity: void onCreate(android.os.Bundle)>
RespAnalysis - [MSG]: <edu.mit.application_modeling.AnotherActivity: void onCreate(android.os.Bundle)>
RespAnalysis - [MSG]: C:/Users/hao/workspace/NetSemantic-Static/sootOutput/ApplicationModeling1.apk\ApplicationModeling1.apk_src.csv
RespAnalysis - [MSG]: <edu.mit.application_modeling.MainActivity: void onCreate(android.os.Bundle)>
RespAnalysis - [MSG]: C:/Users/hao/workspace/NetSemantic-Static/sootOutput/ApplicationModeling1.apk\ApplicationModeling1.apk_StartActServ.csv
RespAnalysis - [MSG]: C:/Users/hao/workspace/NetSemantic-Static/sootOutput/ApplicationModeling1.apk\ApplicationModeling1.apk_FragDeclrs.csv
RespAnalysis - [MSG]: C:/Users/hao/workspace/NetSemantic-Static/sootOutput/ApplicationModeling1.apk\ApplicationModeling1.apk_UnknownInitFields.csv
RespAnalysis - [MSG]: C:/Users/hao/workspace/NetSemantic-Static/sootOutput/ApplicationModeling1.apk\ApplicationModeling1.apk_SrcEventChains.csv
RespAnalysis - [MSG]: edu.mit.application_modeling.MainActivity: onCreate
RespAnalysis - [MSG]: C:/Users/hao/workspace/NetSemantic-Static/sootOutput/ApplicationModeling1.apk\ApplicationModeling1.apk_SinkEventChains.csv
RespAnalysis - [MSG]: edu.mit.application_modeling.AnotherActivity: onCreate
test - [MSG]: Analysis has run for 8.044014777 seconds

