test - [MSG]: Begin to analyze: ComponentNotInManifest1.apk
RespAnalysis - [WARN]: 

RespAnalysis - [WARN]: Sink: virtualinvoke $r4.<android.telephony.SmsManager: void sendTextMessage(java.lang.String,java.lang.String,java.lang.String,android.app.PendingIntent,android.app.PendingIntent)>("+49", null, $r3, null, null) at <edu.mit.icc_component_not_in_manifest.InFlowActivity: void onCreate(android.os.Bundle)> in edu.mit.icc_component_not_in_manifest.InFlowActivity
RespAnalysis - [MSG]: <edu.mit.icc_component_not_in_manifest.InFlowActivity: void onCreate(android.os.Bundle)>: <edu.mit.icc_component_not_in_manifest.InFlowActivity: void onCreate(android.os.Bundle)>
RespAnalysis - [DEBUG]: EntryClass: edu.mit.icc_component_not_in_manifest.InFlowActivity
RespAnalysis - [MSG]: chainSet: [<edu.mit.icc_component_not_in_manifest.InFlowActivity: void onCreate(android.os.Bundle)>]
RespAnalysis - [WARN]: 

RespAnalysis - [WARN]: Src: $r5 = virtualinvoke $r4.<android.telephony.TelephonyManager: java.lang.String getDeviceId()>() at <edu.mit.icc_component_not_in_manifest.OutFlowActivity: void onCreate(android.os.Bundle)> in edu.mit.icc_component_not_in_manifest.OutFlowActivity
RespAnalysis - [DEBUG]: Src: <dummyMainClass: void dummyMainMethod(java.lang.String[])>, Tgt: <edu.mit.icc_component_not_in_manifest.OutFlowActivity: void onCreate(android.os.Bundle)>
RespAnalysis - [MSG]: <edu.mit.icc_component_not_in_manifest.OutFlowActivity: void onCreate(android.os.Bundle)>: <edu.mit.icc_component_not_in_manifest.OutFlowActivity: void onCreate(android.os.Bundle)>
RespAnalysis - [DEBUG]: EntryClass: edu.mit.icc_component_not_in_manifest.OutFlowActivity
RespAnalysis - [MSG]: chainSet: [<edu.mit.icc_component_not_in_manifest.OutFlowActivity: void onCreate(android.os.Bundle)>]
RespAnalysis - [MSG]: C:/Users/hao/workspace/NetSemantic-Static/sootOutput/ComponentNotInManifest1.apk\ComponentNotInManifest1.apk_resp.csv
RespAnalysis - [MSG]: <edu.mit.icc_component_not_in_manifest.InFlowActivity: void onCreate(android.os.Bundle)>
RespAnalysis - [MSG]: <edu.mit.icc_component_not_in_manifest.InFlowActivity: void onCreate(android.os.Bundle)>
RespAnalysis - [MSG]: C:/Users/hao/workspace/NetSemantic-Static/sootOutput/ComponentNotInManifest1.apk\ComponentNotInManifest1.apk_src.csv
RespAnalysis - [MSG]: <edu.mit.icc_component_not_in_manifest.OutFlowActivity: void onCreate(android.os.Bundle)>
RespAnalysis - [MSG]: C:/Users/hao/workspace/NetSemantic-Static/sootOutput/ComponentNotInManifest1.apk\ComponentNotInManifest1.apk_StartActServ.csv
RespAnalysis - [MSG]: edu.mit.icc_component_not_in_manifest.OutFlowActivity: onCreate
RespAnalysis - [MSG]: C:/Users/hao/workspace/NetSemantic-Static/sootOutput/ComponentNotInManifest1.apk\ComponentNotInManifest1.apk_FragDeclrs.csv
RespAnalysis - [MSG]: C:/Users/hao/workspace/NetSemantic-Static/sootOutput/ComponentNotInManifest1.apk\ComponentNotInManifest1.apk_UnknownInitFields.csv
RespAnalysis - [MSG]: C:/Users/hao/workspace/NetSemantic-Static/sootOutput/ComponentNotInManifest1.apk\ComponentNotInManifest1.apk_SrcEventChains.csv
RespAnalysis - [MSG]: edu.mit.icc_component_not_in_manifest.OutFlowActivity: onCreate
RespAnalysis - [MSG]: C:/Users/hao/workspace/NetSemantic-Static/sootOutput/ComponentNotInManifest1.apk\ComponentNotInManifest1.apk_SinkEventChains.csv
RespAnalysis - [MSG]: edu.mit.icc_component_not_in_manifest.InFlowActivity: onCreate
test - [MSG]: Analysis has run for 13.80232041 seconds

