test - [MSG]: Begin to analyze: ArrayCopy1.apk
RespAnalysis - [WARN]: 

RespAnalysis - [WARN]: Src: $r6 = virtualinvoke $r5.<android.telephony.TelephonyManager: java.lang.String getDeviceId()>() at <edu.mit.array_copy.MainActivity: void onCreate(android.os.Bundle)> in edu.mit.array_copy.MainActivity
RespAnalysis - [DEBUG]: Src: <dummyMainClass: void dummyMainMethod(java.lang.String[])>, Tgt: <edu.mit.array_copy.MainActivity: void onCreate(android.os.Bundle)>
RespAnalysis - [MSG]: <edu.mit.array_copy.MainActivity: void onCreate(android.os.Bundle)>: <edu.mit.array_copy.MainActivity: void onCreate(android.os.Bundle)>
RespAnalysis - [DEBUG]: EntryClass: edu.mit.array_copy.MainActivity
RespAnalysis - [MSG]: chainSet: [<edu.mit.array_copy.MainActivity: void onCreate(android.os.Bundle)>]
RespAnalysis - [WARN]: 

RespAnalysis - [WARN]: Sink: virtualinvoke $r7.<android.telephony.SmsManager: void sendTextMessage(java.lang.String,java.lang.String,java.lang.String,android.app.PendingIntent,android.app.PendingIntent)>("+49", null, $r6, null, null) at <edu.mit.array_copy.MainActivity: void onCreate(android.os.Bundle)> in edu.mit.array_copy.MainActivity
RespAnalysis - [DEBUG]: Src: <dummyMainClass: void dummyMainMethod(java.lang.String[])>, Tgt: <edu.mit.array_copy.MainActivity: void onCreate(android.os.Bundle)>
RespAnalysis - [MSG]: <edu.mit.array_copy.MainActivity: void onCreate(android.os.Bundle)>: <edu.mit.array_copy.MainActivity: void onCreate(android.os.Bundle)>
RespAnalysis - [DEBUG]: EntryClass: edu.mit.array_copy.MainActivity
RespAnalysis - [MSG]: chainSet: [<edu.mit.array_copy.MainActivity: void onCreate(android.os.Bundle)>]
RespAnalysis - [MSG]: C:/Users/hao/workspace/NetSemantic-Static/sootOutput/ArrayCopy1.apk\ArrayCopy1.apk_resp.csv
RespAnalysis - [MSG]: <edu.mit.array_copy.MainActivity: void onCreate(android.os.Bundle)>
RespAnalysis - [MSG]: C:/Users/hao/workspace/NetSemantic-Static/sootOutput/ArrayCopy1.apk\ArrayCopy1.apk_src.csv
RespAnalysis - [MSG]: <edu.mit.array_copy.MainActivity: void onCreate(android.os.Bundle)>
RespAnalysis - [MSG]: C:/Users/hao/workspace/NetSemantic-Static/sootOutput/ArrayCopy1.apk\ArrayCopy1.apk_StartActServ.csv
RespAnalysis - [MSG]: C:/Users/hao/workspace/NetSemantic-Static/sootOutput/ArrayCopy1.apk\ArrayCopy1.apk_FragDeclrs.csv
RespAnalysis - [MSG]: C:/Users/hao/workspace/NetSemantic-Static/sootOutput/ArrayCopy1.apk\ArrayCopy1.apk_UnknownInitFields.csv
RespAnalysis - [MSG]: C:/Users/hao/workspace/NetSemantic-Static/sootOutput/ArrayCopy1.apk\ArrayCopy1.apk_SrcEventChains.csv
RespAnalysis - [MSG]: edu.mit.array_copy.MainActivity: onCreate
RespAnalysis - [MSG]: C:/Users/hao/workspace/NetSemantic-Static/sootOutput/ArrayCopy1.apk\ArrayCopy1.apk_SinkEventChains.csv
RespAnalysis - [MSG]: edu.mit.array_copy.MainActivity: onCreate
test - [MSG]: Analysis has run for 7.963164495 seconds

