test - [MSG]: Begin to analyze: BroadcastReceiverLifecycle2.apk
RespAnalysis - [WARN]: 

RespAnalysis - [WARN]: Sink: virtualinvoke $r3.<android.telephony.SmsManager: void sendTextMessage(java.lang.String,java.lang.String,java.lang.String,android.app.PendingIntent,android.app.PendingIntent)>("+49 1234", null, $r4, null, null) at <de.ecspride.MainActivity$MyReceiver: void onReceive(android.content.Context,android.content.Intent)> in de.ecspride.MainActivity$MyReceiver
RespAnalysis - [DEBUG]: Src: <dummyMainClass: void dummyMainMethod(java.lang.String[])>, Tgt: <de.ecspride.MainActivity$MyReceiver: void onReceive(android.content.Context,android.content.Intent)>
RespAnalysis - [MSG]: <de.ecspride.MainActivity$MyReceiver: void onReceive(android.content.Context,android.content.Intent)>: <de.ecspride.MainActivity$MyReceiver: void onReceive(android.content.Context,android.content.Intent)>
RespAnalysis - [DEBUG]: EntryClass: de.ecspride.MainActivity$MyReceiver
RespAnalysis - [MSG]: chainSet: [<de.ecspride.MainActivity: void onCreate(android.os.Bundle)>, <de.ecspride.MainActivity$MyReceiver: void onReceive(android.content.Context,android.content.Intent)>]
RespAnalysis - [WARN]: 

RespAnalysis - [WARN]: Src: $r7 = virtualinvoke $r6.<android.telephony.TelephonyManager: java.lang.String getDeviceId()>() at <de.ecspride.MainActivity: void onCreate(android.os.Bundle)> in de.ecspride.MainActivity
RespAnalysis - [DEBUG]: Src: <dummyMainClass: void dummyMainMethod(java.lang.String[])>, Tgt: <de.ecspride.MainActivity: void onCreate(android.os.Bundle)>
RespAnalysis - [MSG]: <de.ecspride.MainActivity: void onCreate(android.os.Bundle)>: <de.ecspride.MainActivity: void onCreate(android.os.Bundle)>
RespAnalysis - [DEBUG]: EntryClass: de.ecspride.MainActivity
RespAnalysis - [MSG]: chainSet: [<de.ecspride.MainActivity: void onCreate(android.os.Bundle)>]
RespAnalysis - [MSG]: C:/Users/hao/workspace/NetSemantic-Static/sootOutput/BroadcastReceiverLifecycle2.apk\BroadcastReceiverLifecycle2.apk_resp.csv
RespAnalysis - [MSG]: <de.ecspride.MainActivity$MyReceiver: void onReceive(android.content.Context,android.content.Intent)>
RespAnalysis - [MSG]: C:/Users/hao/workspace/NetSemantic-Static/sootOutput/BroadcastReceiverLifecycle2.apk\BroadcastReceiverLifecycle2.apk_src.csv
RespAnalysis - [MSG]: <de.ecspride.MainActivity: void onCreate(android.os.Bundle)>
RespAnalysis - [MSG]: C:/Users/hao/workspace/NetSemantic-Static/sootOutput/BroadcastReceiverLifecycle2.apk\BroadcastReceiverLifecycle2.apk_StartActServ.csv
RespAnalysis - [MSG]: C:/Users/hao/workspace/NetSemantic-Static/sootOutput/BroadcastReceiverLifecycle2.apk\BroadcastReceiverLifecycle2.apk_FragDeclrs.csv
RespAnalysis - [MSG]: C:/Users/hao/workspace/NetSemantic-Static/sootOutput/BroadcastReceiverLifecycle2.apk\BroadcastReceiverLifecycle2.apk_UnknownInitFields.csv
RespAnalysis - [MSG]: C:/Users/hao/workspace/NetSemantic-Static/sootOutput/BroadcastReceiverLifecycle2.apk\BroadcastReceiverLifecycle2.apk_SrcEventChains.csv
RespAnalysis - [MSG]: de.ecspride.MainActivity: onCreate
RespAnalysis - [MSG]: C:/Users/hao/workspace/NetSemantic-Static/sootOutput/BroadcastReceiverLifecycle2.apk\BroadcastReceiverLifecycle2.apk_SinkEventChains.csv
RespAnalysis - [MSG]: de.ecspride.MainActivity: onCreate
RespAnalysis - [MSG]: de.ecspride.MainActivity$MyReceiver: onReceive
test - [MSG]: Analysis has run for 16.977304865 seconds

