test - [MSG]: Begin to analyze: Unregister1.apk
RespAnalysis - [WARN]: 

RespAnalysis - [WARN]: Src: $r5 = virtualinvoke $r4.<android.telephony.TelephonyManager: java.lang.String getDeviceId()>() at <de.ecspride.MainActivity$1: void onClick(android.view.View)> in de.ecspride.MainActivity$1
RespAnalysis - [DEBUG]: Src: <dummyMainClass: void dummyMainMethod(java.lang.String[])>, Tgt: <de.ecspride.MainActivity$1: void onClick(android.view.View)>
RespAnalysis - [MSG]: <de.ecspride.MainActivity$1: void onClick(android.view.View)>: <de.ecspride.MainActivity$1: void onClick(android.view.View)>
RespAnalysis - [DEBUG]: EntryClass: de.ecspride.MainActivity$1
RespAnalysis - [MSG]: chainSet: [<de.ecspride.MainActivity: void onCreate(android.os.Bundle)>, <de.ecspride.MainActivity$1: void onClick(android.view.View)>]
RespAnalysis - [WARN]: 

RespAnalysis - [WARN]: Sink: virtualinvoke $r6.<android.telephony.SmsManager: void sendTextMessage(java.lang.String,java.lang.String,java.lang.String,android.app.PendingIntent,android.app.PendingIntent)>("+49 1234", null, $r5, null, null) at <de.ecspride.MainActivity$1: void onClick(android.view.View)> in de.ecspride.MainActivity$1
RespAnalysis - [DEBUG]: Src: <dummyMainClass: void dummyMainMethod(java.lang.String[])>, Tgt: <de.ecspride.MainActivity$1: void onClick(android.view.View)>
RespAnalysis - [MSG]: <de.ecspride.MainActivity$1: void onClick(android.view.View)>: <de.ecspride.MainActivity$1: void onClick(android.view.View)>
RespAnalysis - [DEBUG]: EntryClass: de.ecspride.MainActivity$1
RespAnalysis - [MSG]: chainSet: [<de.ecspride.MainActivity: void onCreate(android.os.Bundle)>, <de.ecspride.MainActivity$1: void onClick(android.view.View)>]
RespAnalysis - [MSG]: C:/Users/hao/workspace/NetSemantic-Static/sootOutput/Unregister1.apk\Unregister1.apk_resp.csv
RespAnalysis - [MSG]: <de.ecspride.MainActivity$1: void onClick(android.view.View)>
RespAnalysis - [MSG]: C:/Users/hao/workspace/NetSemantic-Static/sootOutput/Unregister1.apk\Unregister1.apk_src.csv
RespAnalysis - [MSG]: <de.ecspride.MainActivity$1: void onClick(android.view.View)>
RespAnalysis - [MSG]: C:/Users/hao/workspace/NetSemantic-Static/sootOutput/Unregister1.apk\Unregister1.apk_StartActServ.csv
RespAnalysis - [MSG]: C:/Users/hao/workspace/NetSemantic-Static/sootOutput/Unregister1.apk\Unregister1.apk_FragDeclrs.csv
RespAnalysis - [MSG]: C:/Users/hao/workspace/NetSemantic-Static/sootOutput/Unregister1.apk\Unregister1.apk_UnknownInitFields.csv
RespAnalysis - [MSG]: C:/Users/hao/workspace/NetSemantic-Static/sootOutput/Unregister1.apk\Unregister1.apk_SrcEventChains.csv
RespAnalysis - [MSG]: de.ecspride.MainActivity: onCreate
RespAnalysis - [MSG]: de.ecspride.MainActivity$1: onClick
RespAnalysis - [MSG]: C:/Users/hao/workspace/NetSemantic-Static/sootOutput/Unregister1.apk\Unregister1.apk_SinkEventChains.csv
RespAnalysis - [MSG]: de.ecspride.MainActivity: onCreate
RespAnalysis - [MSG]: de.ecspride.MainActivity$1: onClick
test - [MSG]: Analysis has run for 18.059097862 seconds

