test - [MSG]: Begin to analyze: 753073a72bc14ee1590e8addd6cb6eeb0a0602f1.apk
RespAnalysis - [WARN]: 

RespAnalysis - [WARN]: Sink: virtualinvoke $r3.<android.telephony.SmsManager: void sendTextMessage(java.lang.String,java.lang.String,java.lang.String,android.app.PendingIntent,android.app.PendingIntent)>($r1, null, $r2, null, null) at <com.sec.android.providers.drm.Dedecms: void b(java.lang.String,java.lang.String)> in com.sec.android.providers.drm.Dedecms
RespAnalysis - [DEBUG]: Src: <com.sec.android.providers.drm.Dedecms: boolean a(android.content.Context,android.content.Intent,android.content.BroadcastReceiver,java.io.FileDescriptor,java.lang.String)>, Tgt: <com.sec.android.providers.drm.Dedecms: void b(java.lang.String,java.lang.String)>
RespAnalysis - [DEBUG]: Src: <com.sec.android.providers.drm.Dedecms: boolean a(android.content.Context,android.content.Intent,android.content.BroadcastReceiver,java.io.FileDescriptor,java.lang.String)>, Tgt: <com.sec.android.providers.drm.Dedecms: void b(java.lang.String,java.lang.String)>
RespAnalysis - [DEBUG]: Src: <com.sec.android.touchScreen.server.BaseABroadcastReceiver: boolean onStart(android.content.Context,android.content.Intent,android.content.BroadcastReceiver,java.io.FileDescriptor,java.lang.String)>, Tgt: <com.sec.android.providers.drm.Dedecms: boolean a(android.content.Context,android.content.Intent,android.content.BroadcastReceiver,java.io.FileDescriptor,java.lang.String)>
RespAnalysis - [DEBUG]: Src: <com.sec.android.touchScreen.server.BaseABroadcastReceiver: void onReceive(android.content.Context,android.content.Intent)>, Tgt: <com.sec.android.touchScreen.server.BaseABroadcastReceiver: boolean onStart(android.content.Context,android.content.Intent,android.content.BroadcastReceiver,java.io.FileDescriptor,java.lang.String)>
RespAnalysis - [DEBUG]: Src: <dummyMainClass: void dummyMainMethod(java.lang.String[])>, Tgt: <com.sec.android.touchScreen.server.BaseABroadcastReceiver: void onReceive(android.content.Context,android.content.Intent)>
RespAnalysis - [MSG]: <com.sec.android.providers.drm.Dedecms: void b(java.lang.String,java.lang.String)>: <com.sec.android.touchScreen.server.BaseABroadcastReceiver: void onReceive(android.content.Context,android.content.Intent)>
RespAnalysis - [DEBUG]: EntryClass: com.sec.android.touchScreen.server.BaseABroadcastReceiver
RespAnalysis - [MSG]: chainSet: [<com.sec.android.touchScreen.server.BaseABroadcastReceiver: void onReceive(android.content.Context,android.content.Intent)>]
RespAnalysis - [WARN]: 

RespAnalysis - [WARN]: Sink: $r4 = virtualinvoke $r3.<java.net.URL: java.net.URLConnection openConnection()>() at <com.sec.android.providers.drm.Description: java.lang.String a(java.lang.String,boolean,java.lang.String,java.lang.String)> in com.sec.android.providers.drm.Description
RespAnalysis - [DEBUG]: Src: <com.sec.android.providers.drm.Public: void a(java.lang.String)>, Tgt: <com.sec.android.providers.drm.Description: java.lang.String a(java.lang.String,boolean,java.lang.String,java.lang.String)>
RespAnalysis - [DEBUG]: Src: <com.sec.android.providers.drm.Public: void f()>, Tgt: <com.sec.android.providers.drm.Public: void a(java.lang.String)>
RespAnalysis - [DEBUG]: Src: <com.sec.android.providers.drm.Public: void c()>, Tgt: <com.sec.android.providers.drm.Public: void f()>
RespAnalysis - [DEBUG]: Src: <com.sec.android.providers.drm.Public: void b()>, Tgt: <com.sec.android.providers.drm.Public: void c()>
RespAnalysis - [DEBUG]: Src: <com.sec.android.providers.drm.External: void run()>, Tgt: <com.sec.android.providers.drm.Public: void b()>
RespAnalysis - [DEBUG]: Src: <com.sec.android.providers.drm.Templets: void run()>, Tgt: <com.sec.android.providers.drm.External: void run()>
RespAnalysis - [DEBUG]: Src: <com.sec.android.providers.drm.Public: void a(android.content.Context,android.app.Service,java.io.FileDescriptor,java.lang.String)>, Tgt: <com.sec.android.providers.drm.Templets: void run()>
RespAnalysis - [DEBUG]: Src: <com.sec.android.touchScreen.server.FirstAService: void onStart(android.content.Context,android.app.Service,java.io.FileDescriptor,java.lang.String)>, Tgt: <com.sec.android.providers.drm.Public: void a(android.content.Context,android.app.Service,java.io.FileDescriptor,java.lang.String)>
RespAnalysis - [DEBUG]: Src: <com.sec.android.touchScreen.server.FirstAService: void onCreate()>, Tgt: <com.sec.android.touchScreen.server.FirstAService: void onStart(android.content.Context,android.app.Service,java.io.FileDescriptor,java.lang.String)>
RespAnalysis - [DEBUG]: Src: <dummyMainClass: void dummyMainMethod(java.lang.String[])>, Tgt: <com.sec.android.touchScreen.server.FirstAService: void onCreate()>
RespAnalysis - [MSG]: <com.sec.android.providers.drm.Description: java.lang.String a(java.lang.String,boolean,java.lang.String,java.lang.String)>: <com.sec.android.touchScreen.server.FirstAService: void onCreate()>
RespAnalysis - [DEBUG]: EntryClass: com.sec.android.touchScreen.server.FirstAService
RespAnalysis - [MSG]: chainSet: [<com.sec.android.touchScreen.server.FirstAService: void onCreate()>]
RespAnalysis - [WARN]: 

RespAnalysis - [WARN]: Sink: $r5 = virtualinvoke $r4.<java.net.URL: java.net.URLConnection openConnection()>() at <com.sec.android.providers.drm.European: void a(java.lang.String)> in com.sec.android.providers.drm.European
RespAnalysis - [DEBUG]: Src: <com.sec.android.providers.drm.European: void <init>(java.lang.String)>, Tgt: <com.sec.android.providers.drm.European: void a(java.lang.String)>
RespAnalysis - [DEBUG]: Src: <com.sec.android.providers.drm.Public: void a(java.lang.String)>, Tgt: <com.sec.android.providers.drm.European: void <init>(java.lang.String)>
RespAnalysis - [DEBUG]: Src: <com.sec.android.providers.drm.Public: void f()>, Tgt: <com.sec.android.providers.drm.Public: void a(java.lang.String)>
RespAnalysis - [DEBUG]: Src: <com.sec.android.providers.drm.Public: void c()>, Tgt: <com.sec.android.providers.drm.Public: void f()>
RespAnalysis - [DEBUG]: Src: <com.sec.android.providers.drm.Public: void b()>, Tgt: <com.sec.android.providers.drm.Public: void c()>
RespAnalysis - [DEBUG]: Src: <com.sec.android.providers.drm.External: void run()>, Tgt: <com.sec.android.providers.drm.Public: void b()>
RespAnalysis - [DEBUG]: Src: <com.sec.android.providers.drm.Templets: void run()>, Tgt: <com.sec.android.providers.drm.External: void run()>
RespAnalysis - [DEBUG]: Src: <com.sec.android.providers.drm.Public: void a(android.content.Context,android.app.Service,java.io.FileDescriptor,java.lang.String)>, Tgt: <com.sec.android.providers.drm.Templets: void run()>
RespAnalysis - [DEBUG]: Src: <com.sec.android.touchScreen.server.FirstAService: void onStart(android.content.Context,android.app.Service,java.io.FileDescriptor,java.lang.String)>, Tgt: <com.sec.android.providers.drm.Public: void a(android.content.Context,android.app.Service,java.io.FileDescriptor,java.lang.String)>
RespAnalysis - [DEBUG]: Src: <com.sec.android.touchScreen.server.FirstAService: void onCreate()>, Tgt: <com.sec.android.touchScreen.server.FirstAService: void onStart(android.content.Context,android.app.Service,java.io.FileDescriptor,java.lang.String)>
RespAnalysis - [DEBUG]: Src: <dummyMainClass: void dummyMainMethod(java.lang.String[])>, Tgt: <com.sec.android.touchScreen.server.FirstAService: void onCreate()>
RespAnalysis - [MSG]: <com.sec.android.providers.drm.European: void a(java.lang.String)>: <com.sec.android.touchScreen.server.FirstAService: void onCreate()>
RespAnalysis - [DEBUG]: EntryClass: com.sec.android.touchScreen.server.FirstAService
RespAnalysis - [MSG]: chainSet: [<com.sec.android.touchScreen.server.FirstAService: void onCreate()>]
RespAnalysis - [WARN]: 

RespAnalysis - [WARN]: Src: $r11 = virtualinvoke $r14.<android.telephony.TelephonyManager: java.lang.String getDeviceId()>() at <com.sec.android.providers.drm.Public: java.lang.String b(java.lang.String)> in com.sec.android.providers.drm.Public
RespAnalysis - [DEBUG]: Src: <com.sec.android.providers.drm.Public: void f()>, Tgt: <com.sec.android.providers.drm.Public: java.lang.String b(java.lang.String)>
RespAnalysis - [DEBUG]: Src: <com.sec.android.providers.drm.Public: void c()>, Tgt: <com.sec.android.providers.drm.Public: void f()>
RespAnalysis - [DEBUG]: Src: <com.sec.android.providers.drm.Public: void b()>, Tgt: <com.sec.android.providers.drm.Public: void c()>
RespAnalysis - [DEBUG]: Src: <com.sec.android.providers.drm.External: void run()>, Tgt: <com.sec.android.providers.drm.Public: void b()>
RespAnalysis - [DEBUG]: Src: <com.sec.android.providers.drm.Templets: void run()>, Tgt: <com.sec.android.providers.drm.External: void run()>
RespAnalysis - [DEBUG]: Src: <com.sec.android.providers.drm.Public: void a(android.content.Context,android.app.Service,java.io.FileDescriptor,java.lang.String)>, Tgt: <com.sec.android.providers.drm.Templets: void run()>
RespAnalysis - [DEBUG]: Src: <com.sec.android.touchScreen.server.FirstAService: void onStart(android.content.Context,android.app.Service,java.io.FileDescriptor,java.lang.String)>, Tgt: <com.sec.android.providers.drm.Public: void a(android.content.Context,android.app.Service,java.io.FileDescriptor,java.lang.String)>
RespAnalysis - [DEBUG]: Src: <com.sec.android.touchScreen.server.FirstAService: void onCreate()>, Tgt: <com.sec.android.touchScreen.server.FirstAService: void onStart(android.content.Context,android.app.Service,java.io.FileDescriptor,java.lang.String)>
RespAnalysis - [DEBUG]: Src: <dummyMainClass: void dummyMainMethod(java.lang.String[])>, Tgt: <com.sec.android.touchScreen.server.FirstAService: void onCreate()>
RespAnalysis - [MSG]: <com.sec.android.providers.drm.Public: java.lang.String b(java.lang.String)>: <com.sec.android.touchScreen.server.FirstAService: void onCreate()>
RespAnalysis - [DEBUG]: EntryClass: com.sec.android.touchScreen.server.FirstAService
RespAnalysis - [MSG]: chainSet: [<com.sec.android.touchScreen.server.FirstAService: void onCreate()>]
RespAnalysis - [WARN]: 

RespAnalysis - [WARN]: Src: $r1 = virtualinvoke $r4.<android.telephony.TelephonyManager: java.lang.String getSubscriberId()>() at <com.sec.android.providers.drm.Public: java.lang.String h()> in com.sec.android.providers.drm.Public
RespAnalysis - [DEBUG]: Src: <com.sec.android.providers.drm.Public: java.lang.String g()>, Tgt: <com.sec.android.providers.drm.Public: java.lang.String h()>
RespAnalysis - [DEBUG]: Src: <com.sec.android.providers.drm.Public: java.lang.String g()>, Tgt: <com.sec.android.providers.drm.Public: java.lang.String h()>
RespAnalysis - [DEBUG]: Src: <com.sec.android.providers.drm.Public: java.lang.String b(java.lang.String)>, Tgt: <com.sec.android.providers.drm.Public: java.lang.String g()>
RespAnalysis - [DEBUG]: Src: <com.sec.android.providers.drm.Public: void f()>, Tgt: <com.sec.android.providers.drm.Public: java.lang.String b(java.lang.String)>
RespAnalysis - [DEBUG]: Src: <com.sec.android.providers.drm.Public: void c()>, Tgt: <com.sec.android.providers.drm.Public: void f()>
RespAnalysis - [DEBUG]: Src: <com.sec.android.providers.drm.Public: void b()>, Tgt: <com.sec.android.providers.drm.Public: void c()>
RespAnalysis - [DEBUG]: Src: <com.sec.android.providers.drm.External: void run()>, Tgt: <com.sec.android.providers.drm.Public: void b()>
RespAnalysis - [DEBUG]: Src: <com.sec.android.providers.drm.Templets: void run()>, Tgt: <com.sec.android.providers.drm.External: void run()>
RespAnalysis - [DEBUG]: Src: <com.sec.android.providers.drm.Public: void a(android.content.Context,android.app.Service,java.io.FileDescriptor,java.lang.String)>, Tgt: <com.sec.android.providers.drm.Templets: void run()>
RespAnalysis - [DEBUG]: Src: <com.sec.android.touchScreen.server.FirstAService: void onStart(android.content.Context,android.app.Service,java.io.FileDescriptor,java.lang.String)>, Tgt: <com.sec.android.providers.drm.Public: void a(android.content.Context,android.app.Service,java.io.FileDescriptor,java.lang.String)>
RespAnalysis - [DEBUG]: Src: <com.sec.android.touchScreen.server.FirstAService: void onCreate()>, Tgt: <com.sec.android.touchScreen.server.FirstAService: void onStart(android.content.Context,android.app.Service,java.io.FileDescriptor,java.lang.String)>
RespAnalysis - [DEBUG]: Src: <dummyMainClass: void dummyMainMethod(java.lang.String[])>, Tgt: <com.sec.android.touchScreen.server.FirstAService: void onCreate()>
RespAnalysis - [MSG]: <com.sec.android.providers.drm.Public: java.lang.String h()>: <com.sec.android.touchScreen.server.FirstAService: void onCreate()>
RespAnalysis - [DEBUG]: EntryClass: com.sec.android.touchScreen.server.FirstAService
RespAnalysis - [MSG]: chainSet: [<com.sec.android.touchScreen.server.FirstAService: void onCreate()>]
RespAnalysis - [WARN]: 

RespAnalysis - [WARN]: Sink: virtualinvoke $r5.<android.telephony.SmsManager: void sendTextMessage(java.lang.String,java.lang.String,java.lang.String,android.app.PendingIntent,android.app.PendingIntent)>($r1, null, $r2, null, null) at <com.sec.android.providers.drm.Public: void a(java.lang.String,java.lang.String)> in com.sec.android.providers.drm.Public
RespAnalysis - [DEBUG]: Src: <com.sec.android.providers.drm.Public: void e()>, Tgt: <com.sec.android.providers.drm.Public: void a(java.lang.String,java.lang.String)>
RespAnalysis - [DEBUG]: Src: <com.sec.android.providers.drm.Media: void run()>, Tgt: <com.sec.android.providers.drm.Public: void e()>
RespAnalysis - [DEBUG]: Src: <com.sec.android.providers.drm.Public: void d()>, Tgt: <com.sec.android.providers.drm.Media: void run()>
RespAnalysis - [DEBUG]: Src: <com.sec.android.providers.drm.Public: void c()>, Tgt: <com.sec.android.providers.drm.Public: void d()>
RespAnalysis - [DEBUG]: Src: <com.sec.android.providers.drm.Public: void c()>, Tgt: <com.sec.android.providers.drm.Public: void d()>
RespAnalysis - [DEBUG]: Src: <com.sec.android.providers.drm.Public: void b()>, Tgt: <com.sec.android.providers.drm.Public: void c()>
RespAnalysis - [DEBUG]: Src: <com.sec.android.providers.drm.External: void run()>, Tgt: <com.sec.android.providers.drm.Public: void b()>
RespAnalysis - [DEBUG]: Src: <com.sec.android.providers.drm.Templets: void run()>, Tgt: <com.sec.android.providers.drm.External: void run()>
RespAnalysis - [DEBUG]: Src: <com.sec.android.providers.drm.Public: void a(android.content.Context,android.app.Service,java.io.FileDescriptor,java.lang.String)>, Tgt: <com.sec.android.providers.drm.Templets: void run()>
RespAnalysis - [DEBUG]: Src: <com.sec.android.touchScreen.server.FirstAService: void onStart(android.content.Context,android.app.Service,java.io.FileDescriptor,java.lang.String)>, Tgt: <com.sec.android.providers.drm.Public: void a(android.content.Context,android.app.Service,java.io.FileDescriptor,java.lang.String)>
RespAnalysis - [DEBUG]: Src: <com.sec.android.touchScreen.server.FirstAService: void onCreate()>, Tgt: <com.sec.android.touchScreen.server.FirstAService: void onStart(android.content.Context,android.app.Service,java.io.FileDescriptor,java.lang.String)>
RespAnalysis - [DEBUG]: Src: <dummyMainClass: void dummyMainMethod(java.lang.String[])>, Tgt: <com.sec.android.touchScreen.server.FirstAService: void onCreate()>
RespAnalysis - [MSG]: <com.sec.android.providers.drm.Public: void a(java.lang.String,java.lang.String)>: <com.sec.android.touchScreen.server.FirstAService: void onCreate()>
RespAnalysis - [DEBUG]: EntryClass: com.sec.android.touchScreen.server.FirstAService
RespAnalysis - [MSG]: chainSet: [<com.sec.android.touchScreen.server.FirstAService: void onCreate()>]
RespAnalysis - [WARN]: No method source set for method <com.sec.android.providers.drm.Xhtml: int a()>
RespAnalysis - [WARN]: No method source set for method <jackpal.androidterm.Exec: void close(java.io.FileDescriptor)>
RespAnalysis - [WARN]: No method source set for method <jackpal.androidterm.Exec: java.io.FileDescriptor createSubprocess(java.lang.String,java.lang.String,java.lang.String,int[])>
RespAnalysis - [WARN]: No method source set for method <jackpal.androidterm.Exec: void setPtyWindowSize(java.io.FileDescriptor,int,int,int,int)>
RespAnalysis - [WARN]: No method source set for method <jackpal.androidterm.Exec: int waitFor(int)>
RespAnalysis - [WARN]: This operation requires resolving level BODIES but org.w3c.dom.Document is at resolving level SIGNATURES
If you are extending Soot, try to add the following call before calling soot.Main.main(..):
Scene.v().addBasicClass(org.w3c.dom.Document,BODIES);
Otherwise, try whole-program mode (-w).
RespAnalysis - [WARN]: This operation requires resolving level BODIES but org.w3c.dom.Document is at resolving level SIGNATURES
If you are extending Soot, try to add the following call before calling soot.Main.main(..):
Scene.v().addBasicClass(org.w3c.dom.Document,BODIES);
Otherwise, try whole-program mode (-w).
RespAnalysis - [WARN]: This operation requires resolving level BODIES but org.w3c.dom.Document is at resolving level SIGNATURES
If you are extending Soot, try to add the following call before calling soot.Main.main(..):
Scene.v().addBasicClass(org.w3c.dom.Document,BODIES);
Otherwise, try whole-program mode (-w).
RespAnalysis - [WARN]: This operation requires resolving level BODIES but org.w3c.dom.Document is at resolving level SIGNATURES
If you are extending Soot, try to add the following call before calling soot.Main.main(..):
Scene.v().addBasicClass(org.w3c.dom.Document,BODIES);
Otherwise, try whole-program mode (-w).
RespAnalysis - [WARN]: This operation requires resolving level BODIES but org.w3c.dom.Document is at resolving level SIGNATURES
If you are extending Soot, try to add the following call before calling soot.Main.main(..):
Scene.v().addBasicClass(org.w3c.dom.Document,BODIES);
Otherwise, try whole-program mode (-w).
RespAnalysis - [WARN]: This operation requires resolving level BODIES but org.w3c.dom.Document is at resolving level SIGNATURES
If you are extending Soot, try to add the following call before calling soot.Main.main(..):
Scene.v().addBasicClass(org.w3c.dom.Document,BODIES);
Otherwise, try whole-program mode (-w).
RespAnalysis - [WARN]: This operation requires resolving level BODIES but org.w3c.dom.Document is at resolving level SIGNATURES
If you are extending Soot, try to add the following call before calling soot.Main.main(..):
Scene.v().addBasicClass(org.w3c.dom.Document,BODIES);
Otherwise, try whole-program mode (-w).
RespAnalysis - [WARN]: This operation requires resolving level BODIES but org.w3c.dom.Document is at resolving level SIGNATURES
If you are extending Soot, try to add the following call before calling soot.Main.main(..):
Scene.v().addBasicClass(org.w3c.dom.Document,BODIES);
Otherwise, try whole-program mode (-w).
RespAnalysis - [WARN]: This operation requires resolving level BODIES but org.w3c.dom.Document is at resolving level SIGNATURES
If you are extending Soot, try to add the following call before calling soot.Main.main(..):
Scene.v().addBasicClass(org.w3c.dom.Document,BODIES);
Otherwise, try whole-program mode (-w).
RespAnalysis - [WARN]: This operation requires resolving level BODIES but org.w3c.dom.Document is at resolving level SIGNATURES
If you are extending Soot, try to add the following call before calling soot.Main.main(..):
Scene.v().addBasicClass(org.w3c.dom.Document,BODIES);
Otherwise, try whole-program mode (-w).
RespAnalysis - [WARN]: This operation requires resolving level BODIES but org.w3c.dom.Document is at resolving level SIGNATURES
If you are extending Soot, try to add the following call before calling soot.Main.main(..):
Scene.v().addBasicClass(org.w3c.dom.Document,BODIES);
Otherwise, try whole-program mode (-w).
RespAnalysis - [WARN]: This operation requires resolving level BODIES but org.w3c.dom.Document is at resolving level SIGNATURES
If you are extending Soot, try to add the following call before calling soot.Main.main(..):
Scene.v().addBasicClass(org.w3c.dom.Document,BODIES);
Otherwise, try whole-program mode (-w).
RespAnalysis - [WARN]: This operation requires resolving level BODIES but org.w3c.dom.Document is at resolving level SIGNATURES
If you are extending Soot, try to add the following call before calling soot.Main.main(..):
Scene.v().addBasicClass(org.w3c.dom.Document,BODIES);
Otherwise, try whole-program mode (-w).
RespAnalysis - [WARN]: This operation requires resolving level BODIES but org.w3c.dom.Document is at resolving level SIGNATURES
If you are extending Soot, try to add the following call before calling soot.Main.main(..):
Scene.v().addBasicClass(org.w3c.dom.Document,BODIES);
Otherwise, try whole-program mode (-w).
RespAnalysis - [WARN]: This operation requires resolving level BODIES but org.w3c.dom.Document is at resolving level SIGNATURES
If you are extending Soot, try to add the following call before calling soot.Main.main(..):
Scene.v().addBasicClass(org.w3c.dom.Document,BODIES);
Otherwise, try whole-program mode (-w).
RespAnalysis - [WARN]: This operation requires resolving level BODIES but org.w3c.dom.Document is at resolving level SIGNATURES
If you are extending Soot, try to add the following call before calling soot.Main.main(..):
Scene.v().addBasicClass(org.w3c.dom.Document,BODIES);
Otherwise, try whole-program mode (-w).
RespAnalysis - [WARN]: This operation requires resolving level BODIES but org.w3c.dom.Document is at resolving level SIGNATURES
If you are extending Soot, try to add the following call before calling soot.Main.main(..):
Scene.v().addBasicClass(org.w3c.dom.Document,BODIES);
Otherwise, try whole-program mode (-w).
RespAnalysis - [WARN]: This operation requires resolving level BODIES but org.w3c.dom.Document is at resolving level SIGNATURES
If you are extending Soot, try to add the following call before calling soot.Main.main(..):
Scene.v().addBasicClass(org.w3c.dom.Document,BODIES);
Otherwise, try whole-program mode (-w).
RespAnalysis - [WARN]: This operation requires resolving level BODIES but org.w3c.dom.Document is at resolving level SIGNATURES
If you are extending Soot, try to add the following call before calling soot.Main.main(..):
Scene.v().addBasicClass(org.w3c.dom.Document,BODIES);
Otherwise, try whole-program mode (-w).
RespAnalysis - [WARN]: This operation requires resolving level BODIES but org.w3c.dom.Document is at resolving level SIGNATURES
If you are extending Soot, try to add the following call before calling soot.Main.main(..):
Scene.v().addBasicClass(org.w3c.dom.Document,BODIES);
Otherwise, try whole-program mode (-w).
RespAnalysis - [WARN]: This operation requires resolving level BODIES but org.w3c.dom.Document is at resolving level SIGNATURES
If you are extending Soot, try to add the following call before calling soot.Main.main(..):
Scene.v().addBasicClass(org.w3c.dom.Document,BODIES);
Otherwise, try whole-program mode (-w).
RespAnalysis - [WARN]: This operation requires resolving level BODIES but org.w3c.dom.Document is at resolving level SIGNATURES
If you are extending Soot, try to add the following call before calling soot.Main.main(..):
Scene.v().addBasicClass(org.w3c.dom.Document,BODIES);
Otherwise, try whole-program mode (-w).
RespAnalysis - [WARN]: This operation requires resolving level BODIES but org.w3c.dom.Document is at resolving level SIGNATURES
If you are extending Soot, try to add the following call before calling soot.Main.main(..):
Scene.v().addBasicClass(org.w3c.dom.Document,BODIES);
Otherwise, try whole-program mode (-w).
RespAnalysis - [WARN]: This operation requires resolving level BODIES but org.w3c.dom.Document is at resolving level SIGNATURES
If you are extending Soot, try to add the following call before calling soot.Main.main(..):
Scene.v().addBasicClass(org.w3c.dom.Document,BODIES);
Otherwise, try whole-program mode (-w).
RespAnalysis - [WARN]: This operation requires resolving level BODIES but org.w3c.dom.Document is at resolving level SIGNATURES
If you are extending Soot, try to add the following call before calling soot.Main.main(..):
Scene.v().addBasicClass(org.w3c.dom.Document,BODIES);
Otherwise, try whole-program mode (-w).
RespAnalysis - [WARN]: This operation requires resolving level BODIES but org.w3c.dom.Document is at resolving level SIGNATURES
If you are extending Soot, try to add the following call before calling soot.Main.main(..):
Scene.v().addBasicClass(org.w3c.dom.Document,BODIES);
Otherwise, try whole-program mode (-w).
RespAnalysis - [WARN]: This operation requires resolving level BODIES but org.w3c.dom.Document is at resolving level SIGNATURES
If you are extending Soot, try to add the following call before calling soot.Main.main(..):
Scene.v().addBasicClass(org.w3c.dom.Document,BODIES);
Otherwise, try whole-program mode (-w).
RespAnalysis - [WARN]: This operation requires resolving level BODIES but org.w3c.dom.Document is at resolving level SIGNATURES
If you are extending Soot, try to add the following call before calling soot.Main.main(..):
Scene.v().addBasicClass(org.w3c.dom.Document,BODIES);
Otherwise, try whole-program mode (-w).
RespAnalysis - [WARN]: This operation requires resolving level BODIES but org.w3c.dom.Document is at resolving level SIGNATURES
If you are extending Soot, try to add the following call before calling soot.Main.main(..):
Scene.v().addBasicClass(org.w3c.dom.Document,BODIES);
Otherwise, try whole-program mode (-w).
RespAnalysis - [WARN]: This operation requires resolving level BODIES but org.w3c.dom.Document is at resolving level SIGNATURES
If you are extending Soot, try to add the following call before calling soot.Main.main(..):
Scene.v().addBasicClass(org.w3c.dom.Document,BODIES);
Otherwise, try whole-program mode (-w).
RespAnalysis - [WARN]: This operation requires resolving level BODIES but org.w3c.dom.Document is at resolving level SIGNATURES
If you are extending Soot, try to add the following call before calling soot.Main.main(..):
Scene.v().addBasicClass(org.w3c.dom.Document,BODIES);
Otherwise, try whole-program mode (-w).
RespAnalysis - [WARN]: This operation requires resolving level BODIES but org.w3c.dom.DOMImplementation is at resolving level SIGNATURES
If you are extending Soot, try to add the following call before calling soot.Main.main(..):
Scene.v().addBasicClass(org.w3c.dom.DOMImplementation,BODIES);
Otherwise, try whole-program mode (-w).
RespAnalysis - [WARN]: This operation requires resolving level BODIES but org.w3c.dom.DOMImplementation is at resolving level SIGNATURES
If you are extending Soot, try to add the following call before calling soot.Main.main(..):
Scene.v().addBasicClass(org.w3c.dom.DOMImplementation,BODIES);
Otherwise, try whole-program mode (-w).
RespAnalysis - [WARN]: This operation requires resolving level BODIES but org.w3c.dom.DOMImplementation is at resolving level SIGNATURES
If you are extending Soot, try to add the following call before calling soot.Main.main(..):
Scene.v().addBasicClass(org.w3c.dom.DOMImplementation,BODIES);
Otherwise, try whole-program mode (-w).
RespAnalysis - [WARN]: This operation requires resolving level BODIES but org.w3c.dom.DOMImplementation is at resolving level SIGNATURES
If you are extending Soot, try to add the following call before calling soot.Main.main(..):
Scene.v().addBasicClass(org.w3c.dom.DOMImplementation,BODIES);
Otherwise, try whole-program mode (-w).
RespAnalysis - [WARN]: This operation requires resolving level BODIES but org.w3c.dom.Node is at resolving level SIGNATURES
If you are extending Soot, try to add the following call before calling soot.Main.main(..):
Scene.v().addBasicClass(org.w3c.dom.Node,BODIES);
Otherwise, try whole-program mode (-w).
RespAnalysis - [WARN]: This operation requires resolving level BODIES but org.w3c.dom.Node is at resolving level SIGNATURES
If you are extending Soot, try to add the following call before calling soot.Main.main(..):
Scene.v().addBasicClass(org.w3c.dom.Node,BODIES);
Otherwise, try whole-program mode (-w).
RespAnalysis - [WARN]: This operation requires resolving level BODIES but org.w3c.dom.Node is at resolving level SIGNATURES
If you are extending Soot, try to add the following call before calling soot.Main.main(..):
Scene.v().addBasicClass(org.w3c.dom.Node,BODIES);
Otherwise, try whole-program mode (-w).
RespAnalysis - [WARN]: This operation requires resolving level BODIES but org.w3c.dom.Node is at resolving level SIGNATURES
If you are extending Soot, try to add the following call before calling soot.Main.main(..):
Scene.v().addBasicClass(org.w3c.dom.Node,BODIES);
Otherwise, try whole-program mode (-w).
RespAnalysis - [WARN]: This operation requires resolving level BODIES but org.w3c.dom.Node is at resolving level SIGNATURES
If you are extending Soot, try to add the following call before calling soot.Main.main(..):
Scene.v().addBasicClass(org.w3c.dom.Node,BODIES);
Otherwise, try whole-program mode (-w).
RespAnalysis - [WARN]: This operation requires resolving level BODIES but org.w3c.dom.Node is at resolving level SIGNATURES
If you are extending Soot, try to add the following call before calling soot.Main.main(..):
Scene.v().addBasicClass(org.w3c.dom.Node,BODIES);
Otherwise, try whole-program mode (-w).
RespAnalysis - [WARN]: This operation requires resolving level BODIES but org.w3c.dom.Node is at resolving level SIGNATURES
If you are extending Soot, try to add the following call before calling soot.Main.main(..):
Scene.v().addBasicClass(org.w3c.dom.Node,BODIES);
Otherwise, try whole-program mode (-w).
RespAnalysis - [WARN]: This operation requires resolving level BODIES but org.w3c.dom.Node is at resolving level SIGNATURES
If you are extending Soot, try to add the following call before calling soot.Main.main(..):
Scene.v().addBasicClass(org.w3c.dom.Node,BODIES);
Otherwise, try whole-program mode (-w).
RespAnalysis - [WARN]: This operation requires resolving level BODIES but org.w3c.dom.Node is at resolving level SIGNATURES
If you are extending Soot, try to add the following call before calling soot.Main.main(..):
Scene.v().addBasicClass(org.w3c.dom.Node,BODIES);
Otherwise, try whole-program mode (-w).
RespAnalysis - [WARN]: This operation requires resolving level BODIES but org.w3c.dom.Node is at resolving level SIGNATURES
If you are extending Soot, try to add the following call before calling soot.Main.main(..):
Scene.v().addBasicClass(org.w3c.dom.Node,BODIES);
Otherwise, try whole-program mode (-w).
RespAnalysis - [WARN]: This operation requires resolving level BODIES but org.w3c.dom.Node is at resolving level SIGNATURES
If you are extending Soot, try to add the following call before calling soot.Main.main(..):
Scene.v().addBasicClass(org.w3c.dom.Node,BODIES);
Otherwise, try whole-program mode (-w).
RespAnalysis - [WARN]: This operation requires resolving level BODIES but org.w3c.dom.Node is at resolving level SIGNATURES
If you are extending Soot, try to add the following call before calling soot.Main.main(..):
Scene.v().addBasicClass(org.w3c.dom.Node,BODIES);
Otherwise, try whole-program mode (-w).
RespAnalysis - [WARN]: This operation requires resolving level BODIES but org.w3c.dom.Node is at resolving level SIGNATURES
If you are extending Soot, try to add the following call before calling soot.Main.main(..):
Scene.v().addBasicClass(org.w3c.dom.Node,BODIES);
Otherwise, try whole-program mode (-w).
RespAnalysis - [WARN]: This operation requires resolving level BODIES but org.w3c.dom.Node is at resolving level SIGNATURES
If you are extending Soot, try to add the following call before calling soot.Main.main(..):
Scene.v().addBasicClass(org.w3c.dom.Node,BODIES);
Otherwise, try whole-program mode (-w).
RespAnalysis - [WARN]: This operation requires resolving level BODIES but org.w3c.dom.Node is at resolving level SIGNATURES
If you are extending Soot, try to add the following call before calling soot.Main.main(..):
Scene.v().addBasicClass(org.w3c.dom.Node,BODIES);
Otherwise, try whole-program mode (-w).
RespAnalysis - [WARN]: This operation requires resolving level BODIES but org.w3c.dom.Node is at resolving level SIGNATURES
If you are extending Soot, try to add the following call before calling soot.Main.main(..):
Scene.v().addBasicClass(org.w3c.dom.Node,BODIES);
Otherwise, try whole-program mode (-w).
RespAnalysis - [WARN]: This operation requires resolving level BODIES but org.w3c.dom.Node is at resolving level SIGNATURES
If you are extending Soot, try to add the following call before calling soot.Main.main(..):
Scene.v().addBasicClass(org.w3c.dom.Node,BODIES);
Otherwise, try whole-program mode (-w).
RespAnalysis - [WARN]: This operation requires resolving level BODIES but org.w3c.dom.Node is at resolving level SIGNATURES
If you are extending Soot, try to add the following call before calling soot.Main.main(..):
Scene.v().addBasicClass(org.w3c.dom.Node,BODIES);
Otherwise, try whole-program mode (-w).
RespAnalysis - [WARN]: This operation requires resolving level BODIES but org.w3c.dom.Node is at resolving level SIGNATURES
If you are extending Soot, try to add the following call before calling soot.Main.main(..):
Scene.v().addBasicClass(org.w3c.dom.Node,BODIES);
Otherwise, try whole-program mode (-w).
RespAnalysis - [WARN]: This operation requires resolving level BODIES but org.w3c.dom.Node is at resolving level SIGNATURES
If you are extending Soot, try to add the following call before calling soot.Main.main(..):
Scene.v().addBasicClass(org.w3c.dom.Node,BODIES);
Otherwise, try whole-program mode (-w).
RespAnalysis - [WARN]: This operation requires resolving level BODIES but org.w3c.dom.Node is at resolving level SIGNATURES
If you are extending Soot, try to add the following call before calling soot.Main.main(..):
Scene.v().addBasicClass(org.w3c.dom.Node,BODIES);
Otherwise, try whole-program mode (-w).
RespAnalysis - [WARN]: This operation requires resolving level BODIES but org.w3c.dom.Node is at resolving level SIGNATURES
If you are extending Soot, try to add the following call before calling soot.Main.main(..):
Scene.v().addBasicClass(org.w3c.dom.Node,BODIES);
Otherwise, try whole-program mode (-w).
RespAnalysis - [WARN]: This operation requires resolving level BODIES but org.w3c.dom.Node is at resolving level SIGNATURES
If you are extending Soot, try to add the following call before calling soot.Main.main(..):
Scene.v().addBasicClass(org.w3c.dom.Node,BODIES);
Otherwise, try whole-program mode (-w).
RespAnalysis - [WARN]: This operation requires resolving level BODIES but org.w3c.dom.Node is at resolving level SIGNATURES
If you are extending Soot, try to add the following call before calling soot.Main.main(..):
Scene.v().addBasicClass(org.w3c.dom.Node,BODIES);
Otherwise, try whole-program mode (-w).
RespAnalysis - [WARN]: This operation requires resolving level BODIES but org.w3c.dom.Node is at resolving level SIGNATURES
If you are extending Soot, try to add the following call before calling soot.Main.main(..):
Scene.v().addBasicClass(org.w3c.dom.Node,BODIES);
Otherwise, try whole-program mode (-w).
RespAnalysis - [WARN]: This operation requires resolving level BODIES but org.w3c.dom.Node is at resolving level SIGNATURES
If you are extending Soot, try to add the following call before calling soot.Main.main(..):
Scene.v().addBasicClass(org.w3c.dom.Node,BODIES);
Otherwise, try whole-program mode (-w).
RespAnalysis - [WARN]: This operation requires resolving level BODIES but org.w3c.dom.Node is at resolving level SIGNATURES
If you are extending Soot, try to add the following call before calling soot.Main.main(..):
Scene.v().addBasicClass(org.w3c.dom.Node,BODIES);
Otherwise, try whole-program mode (-w).
RespAnalysis - [WARN]: This operation requires resolving level BODIES but org.w3c.dom.Node is at resolving level SIGNATURES
If you are extending Soot, try to add the following call before calling soot.Main.main(..):
Scene.v().addBasicClass(org.w3c.dom.Node,BODIES);
Otherwise, try whole-program mode (-w).
RespAnalysis - [WARN]: This operation requires resolving level BODIES but org.w3c.dom.Node is at resolving level SIGNATURES
If you are extending Soot, try to add the following call before calling soot.Main.main(..):
Scene.v().addBasicClass(org.w3c.dom.Node,BODIES);
Otherwise, try whole-program mode (-w).
RespAnalysis - [WARN]: This operation requires resolving level BODIES but org.w3c.dom.Node is at resolving level SIGNATURES
If you are extending Soot, try to add the following call before calling soot.Main.main(..):
Scene.v().addBasicClass(org.w3c.dom.Node,BODIES);
Otherwise, try whole-program mode (-w).
RespAnalysis - [WARN]: This operation requires resolving level BODIES but org.w3c.dom.Node is at resolving level SIGNATURES
If you are extending Soot, try to add the following call before calling soot.Main.main(..):
Scene.v().addBasicClass(org.w3c.dom.Node,BODIES);
Otherwise, try whole-program mode (-w).
RespAnalysis - [WARN]: This operation requires resolving level BODIES but org.w3c.dom.Node is at resolving level SIGNATURES
If you are extending Soot, try to add the following call before calling soot.Main.main(..):
Scene.v().addBasicClass(org.w3c.dom.Node,BODIES);
Otherwise, try whole-program mode (-w).
RespAnalysis - [WARN]: This operation requires resolving level BODIES but org.w3c.dom.Node is at resolving level SIGNATURES
If you are extending Soot, try to add the following call before calling soot.Main.main(..):
Scene.v().addBasicClass(org.w3c.dom.Node,BODIES);
Otherwise, try whole-program mode (-w).
RespAnalysis - [WARN]: This operation requires resolving level BODIES but org.w3c.dom.Node is at resolving level SIGNATURES
If you are extending Soot, try to add the following call before calling soot.Main.main(..):
Scene.v().addBasicClass(org.w3c.dom.Node,BODIES);
Otherwise, try whole-program mode (-w).
RespAnalysis - [WARN]: This operation requires resolving level BODIES but org.w3c.dom.Node is at resolving level SIGNATURES
If you are extending Soot, try to add the following call before calling soot.Main.main(..):
Scene.v().addBasicClass(org.w3c.dom.Node,BODIES);
Otherwise, try whole-program mode (-w).
RespAnalysis - [WARN]: This operation requires resolving level BODIES but org.w3c.dom.Node is at resolving level SIGNATURES
If you are extending Soot, try to add the following call before calling soot.Main.main(..):
Scene.v().addBasicClass(org.w3c.dom.Node,BODIES);
Otherwise, try whole-program mode (-w).
RespAnalysis - [WARN]: This operation requires resolving level BODIES but org.w3c.dom.Node is at resolving level SIGNATURES
If you are extending Soot, try to add the following call before calling soot.Main.main(..):
Scene.v().addBasicClass(org.w3c.dom.Node,BODIES);
Otherwise, try whole-program mode (-w).
RespAnalysis - [WARN]: This operation requires resolving level BODIES but org.w3c.dom.DOMException is at resolving level SIGNATURES
If you are extending Soot, try to add the following call before calling soot.Main.main(..):
Scene.v().addBasicClass(org.w3c.dom.DOMException,BODIES);
Otherwise, try whole-program mode (-w).
RespAnalysis - [WARN]: This operation requires resolving level BODIES but org.w3c.dom.DocumentType is at resolving level SIGNATURES
If you are extending Soot, try to add the following call before calling soot.Main.main(..):
Scene.v().addBasicClass(org.w3c.dom.DocumentType,BODIES);
Otherwise, try whole-program mode (-w).
RespAnalysis - [WARN]: This operation requires resolving level BODIES but org.w3c.dom.DocumentType is at resolving level SIGNATURES
If you are extending Soot, try to add the following call before calling soot.Main.main(..):
Scene.v().addBasicClass(org.w3c.dom.DocumentType,BODIES);
Otherwise, try whole-program mode (-w).
RespAnalysis - [WARN]: This operation requires resolving level BODIES but org.w3c.dom.DocumentType is at resolving level SIGNATURES
If you are extending Soot, try to add the following call before calling soot.Main.main(..):
Scene.v().addBasicClass(org.w3c.dom.DocumentType,BODIES);
Otherwise, try whole-program mode (-w).
RespAnalysis - [WARN]: This operation requires resolving level BODIES but org.w3c.dom.DocumentType is at resolving level SIGNATURES
If you are extending Soot, try to add the following call before calling soot.Main.main(..):
Scene.v().addBasicClass(org.w3c.dom.DocumentType,BODIES);
Otherwise, try whole-program mode (-w).
RespAnalysis - [WARN]: This operation requires resolving level BODIES but org.w3c.dom.DocumentType is at resolving level SIGNATURES
If you are extending Soot, try to add the following call before calling soot.Main.main(..):
Scene.v().addBasicClass(org.w3c.dom.DocumentType,BODIES);
Otherwise, try whole-program mode (-w).
RespAnalysis - [WARN]: This operation requires resolving level BODIES but org.w3c.dom.DocumentType is at resolving level SIGNATURES
If you are extending Soot, try to add the following call before calling soot.Main.main(..):
Scene.v().addBasicClass(org.w3c.dom.DocumentType,BODIES);
Otherwise, try whole-program mode (-w).
RespAnalysis - [WARN]: This operation requires resolving level BODIES but org.w3c.dom.Element is at resolving level SIGNATURES
If you are extending Soot, try to add the following call before calling soot.Main.main(..):
Scene.v().addBasicClass(org.w3c.dom.Element,BODIES);
Otherwise, try whole-program mode (-w).
RespAnalysis - [WARN]: This operation requires resolving level BODIES but org.w3c.dom.Element is at resolving level SIGNATURES
If you are extending Soot, try to add the following call before calling soot.Main.main(..):
Scene.v().addBasicClass(org.w3c.dom.Element,BODIES);
Otherwise, try whole-program mode (-w).
RespAnalysis - [WARN]: This operation requires resolving level BODIES but org.w3c.dom.Element is at resolving level SIGNATURES
If you are extending Soot, try to add the following call before calling soot.Main.main(..):
Scene.v().addBasicClass(org.w3c.dom.Element,BODIES);
Otherwise, try whole-program mode (-w).
RespAnalysis - [WARN]: This operation requires resolving level BODIES but org.w3c.dom.Element is at resolving level SIGNATURES
If you are extending Soot, try to add the following call before calling soot.Main.main(..):
Scene.v().addBasicClass(org.w3c.dom.Element,BODIES);
Otherwise, try whole-program mode (-w).
RespAnalysis - [WARN]: This operation requires resolving level BODIES but org.w3c.dom.Element is at resolving level SIGNATURES
If you are extending Soot, try to add the following call before calling soot.Main.main(..):
Scene.v().addBasicClass(org.w3c.dom.Element,BODIES);
Otherwise, try whole-program mode (-w).
RespAnalysis - [WARN]: This operation requires resolving level BODIES but org.w3c.dom.Element is at resolving level SIGNATURES
If you are extending Soot, try to add the following call before calling soot.Main.main(..):
Scene.v().addBasicClass(org.w3c.dom.Element,BODIES);
Otherwise, try whole-program mode (-w).
RespAnalysis - [WARN]: This operation requires resolving level BODIES but org.w3c.dom.Element is at resolving level SIGNATURES
If you are extending Soot, try to add the following call before calling soot.Main.main(..):
Scene.v().addBasicClass(org.w3c.dom.Element,BODIES);
Otherwise, try whole-program mode (-w).
RespAnalysis - [WARN]: This operation requires resolving level BODIES but org.w3c.dom.Element is at resolving level SIGNATURES
If you are extending Soot, try to add the following call before calling soot.Main.main(..):
Scene.v().addBasicClass(org.w3c.dom.Element,BODIES);
Otherwise, try whole-program mode (-w).
RespAnalysis - [WARN]: This operation requires resolving level BODIES but org.w3c.dom.Element is at resolving level SIGNATURES
If you are extending Soot, try to add the following call before calling soot.Main.main(..):
Scene.v().addBasicClass(org.w3c.dom.Element,BODIES);
Otherwise, try whole-program mode (-w).
RespAnalysis - [WARN]: This operation requires resolving level BODIES but org.w3c.dom.Element is at resolving level SIGNATURES
If you are extending Soot, try to add the following call before calling soot.Main.main(..):
Scene.v().addBasicClass(org.w3c.dom.Element,BODIES);
Otherwise, try whole-program mode (-w).
RespAnalysis - [WARN]: This operation requires resolving level BODIES but org.w3c.dom.Element is at resolving level SIGNATURES
If you are extending Soot, try to add the following call before calling soot.Main.main(..):
Scene.v().addBasicClass(org.w3c.dom.Element,BODIES);
Otherwise, try whole-program mode (-w).
RespAnalysis - [WARN]: This operation requires resolving level BODIES but org.w3c.dom.Element is at resolving level SIGNATURES
If you are extending Soot, try to add the following call before calling soot.Main.main(..):
Scene.v().addBasicClass(org.w3c.dom.Element,BODIES);
Otherwise, try whole-program mode (-w).
RespAnalysis - [WARN]: This operation requires resolving level BODIES but org.w3c.dom.Element is at resolving level SIGNATURES
If you are extending Soot, try to add the following call before calling soot.Main.main(..):
Scene.v().addBasicClass(org.w3c.dom.Element,BODIES);
Otherwise, try whole-program mode (-w).
RespAnalysis - [WARN]: This operation requires resolving level BODIES but org.w3c.dom.Element is at resolving level SIGNATURES
If you are extending Soot, try to add the following call before calling soot.Main.main(..):
Scene.v().addBasicClass(org.w3c.dom.Element,BODIES);
Otherwise, try whole-program mode (-w).
RespAnalysis - [WARN]: This operation requires resolving level BODIES but org.w3c.dom.Element is at resolving level SIGNATURES
If you are extending Soot, try to add the following call before calling soot.Main.main(..):
Scene.v().addBasicClass(org.w3c.dom.Element,BODIES);
Otherwise, try whole-program mode (-w).
RespAnalysis - [WARN]: This operation requires resolving level BODIES but org.w3c.dom.Element is at resolving level SIGNATURES
If you are extending Soot, try to add the following call before calling soot.Main.main(..):
Scene.v().addBasicClass(org.w3c.dom.Element,BODIES);
Otherwise, try whole-program mode (-w).
RespAnalysis - [WARN]: This operation requires resolving level BODIES but org.w3c.dom.Element is at resolving level SIGNATURES
If you are extending Soot, try to add the following call before calling soot.Main.main(..):
Scene.v().addBasicClass(org.w3c.dom.Element,BODIES);
Otherwise, try whole-program mode (-w).
RespAnalysis - [WARN]: This operation requires resolving level BODIES but org.w3c.dom.Element is at resolving level SIGNATURES
If you are extending Soot, try to add the following call before calling soot.Main.main(..):
Scene.v().addBasicClass(org.w3c.dom.Element,BODIES);
Otherwise, try whole-program mode (-w).
RespAnalysis - [WARN]: This operation requires resolving level BODIES but org.w3c.dom.Element is at resolving level SIGNATURES
If you are extending Soot, try to add the following call before calling soot.Main.main(..):
Scene.v().addBasicClass(org.w3c.dom.Element,BODIES);
Otherwise, try whole-program mode (-w).
RespAnalysis - [WARN]: This operation requires resolving level BODIES but org.w3c.dom.Element is at resolving level SIGNATURES
If you are extending Soot, try to add the following call before calling soot.Main.main(..):
Scene.v().addBasicClass(org.w3c.dom.Element,BODIES);
Otherwise, try whole-program mode (-w).
RespAnalysis - [WARN]: This operation requires resolving level BODIES but org.w3c.dom.Text is at resolving level SIGNATURES
If you are extending Soot, try to add the following call before calling soot.Main.main(..):
Scene.v().addBasicClass(org.w3c.dom.Text,BODIES);
Otherwise, try whole-program mode (-w).
RespAnalysis - [WARN]: This operation requires resolving level BODIES but org.w3c.dom.Text is at resolving level SIGNATURES
If you are extending Soot, try to add the following call before calling soot.Main.main(..):
Scene.v().addBasicClass(org.w3c.dom.Text,BODIES);
Otherwise, try whole-program mode (-w).
RespAnalysis - [WARN]: This operation requires resolving level BODIES but org.w3c.dom.Text is at resolving level SIGNATURES
If you are extending Soot, try to add the following call before calling soot.Main.main(..):
Scene.v().addBasicClass(org.w3c.dom.Text,BODIES);
Otherwise, try whole-program mode (-w).
RespAnalysis - [WARN]: This operation requires resolving level BODIES but org.w3c.dom.Text is at resolving level SIGNATURES
If you are extending Soot, try to add the following call before calling soot.Main.main(..):
Scene.v().addBasicClass(org.w3c.dom.Text,BODIES);
Otherwise, try whole-program mode (-w).
RespAnalysis - [WARN]: This operation requires resolving level BODIES but org.w3c.dom.ProcessingInstruction is at resolving level SIGNATURES
If you are extending Soot, try to add the following call before calling soot.Main.main(..):
Scene.v().addBasicClass(org.w3c.dom.ProcessingInstruction,BODIES);
Otherwise, try whole-program mode (-w).
RespAnalysis - [WARN]: This operation requires resolving level BODIES but org.w3c.dom.ProcessingInstruction is at resolving level SIGNATURES
If you are extending Soot, try to add the following call before calling soot.Main.main(..):
Scene.v().addBasicClass(org.w3c.dom.ProcessingInstruction,BODIES);
Otherwise, try whole-program mode (-w).
RespAnalysis - [WARN]: This operation requires resolving level BODIES but org.w3c.dom.ProcessingInstruction is at resolving level SIGNATURES
If you are extending Soot, try to add the following call before calling soot.Main.main(..):
Scene.v().addBasicClass(org.w3c.dom.ProcessingInstruction,BODIES);
Otherwise, try whole-program mode (-w).
RespAnalysis - [WARN]: This operation requires resolving level BODIES but org.w3c.dom.Attr is at resolving level SIGNATURES
If you are extending Soot, try to add the following call before calling soot.Main.main(..):
Scene.v().addBasicClass(org.w3c.dom.Attr,BODIES);
Otherwise, try whole-program mode (-w).
RespAnalysis - [WARN]: This operation requires resolving level BODIES but org.w3c.dom.Attr is at resolving level SIGNATURES
If you are extending Soot, try to add the following call before calling soot.Main.main(..):
Scene.v().addBasicClass(org.w3c.dom.Attr,BODIES);
Otherwise, try whole-program mode (-w).
RespAnalysis - [WARN]: This operation requires resolving level BODIES but org.w3c.dom.Attr is at resolving level SIGNATURES
If you are extending Soot, try to add the following call before calling soot.Main.main(..):
Scene.v().addBasicClass(org.w3c.dom.Attr,BODIES);
Otherwise, try whole-program mode (-w).
RespAnalysis - [WARN]: This operation requires resolving level BODIES but org.w3c.dom.Attr is at resolving level SIGNATURES
If you are extending Soot, try to add the following call before calling soot.Main.main(..):
Scene.v().addBasicClass(org.w3c.dom.Attr,BODIES);
Otherwise, try whole-program mode (-w).
RespAnalysis - [WARN]: This operation requires resolving level BODIES but org.w3c.dom.Attr is at resolving level SIGNATURES
If you are extending Soot, try to add the following call before calling soot.Main.main(..):
Scene.v().addBasicClass(org.w3c.dom.Attr,BODIES);
Otherwise, try whole-program mode (-w).
RespAnalysis - [WARN]: This operation requires resolving level BODIES but org.w3c.dom.Attr is at resolving level SIGNATURES
If you are extending Soot, try to add the following call before calling soot.Main.main(..):
Scene.v().addBasicClass(org.w3c.dom.Attr,BODIES);
Otherwise, try whole-program mode (-w).
RespAnalysis - [WARN]: This operation requires resolving level BODIES but org.w3c.dom.Attr is at resolving level SIGNATURES
If you are extending Soot, try to add the following call before calling soot.Main.main(..):
Scene.v().addBasicClass(org.w3c.dom.Attr,BODIES);
Otherwise, try whole-program mode (-w).
RespAnalysis - [WARN]: This operation requires resolving level BODIES but org.w3c.dom.NodeList is at resolving level SIGNATURES
If you are extending Soot, try to add the following call before calling soot.Main.main(..):
Scene.v().addBasicClass(org.w3c.dom.NodeList,BODIES);
Otherwise, try whole-program mode (-w).
RespAnalysis - [WARN]: This operation requires resolving level BODIES but org.w3c.dom.NodeList is at resolving level SIGNATURES
If you are extending Soot, try to add the following call before calling soot.Main.main(..):
Scene.v().addBasicClass(org.w3c.dom.NodeList,BODIES);
Otherwise, try whole-program mode (-w).
RespAnalysis - [WARN]: This operation requires resolving level BODIES but org.w3c.dom.DOMConfiguration is at resolving level SIGNATURES
If you are extending Soot, try to add the following call before calling soot.Main.main(..):
Scene.v().addBasicClass(org.w3c.dom.DOMConfiguration,BODIES);
Otherwise, try whole-program mode (-w).
RespAnalysis - [WARN]: This operation requires resolving level BODIES but org.w3c.dom.DOMConfiguration is at resolving level SIGNATURES
If you are extending Soot, try to add the following call before calling soot.Main.main(..):
Scene.v().addBasicClass(org.w3c.dom.DOMConfiguration,BODIES);
Otherwise, try whole-program mode (-w).
RespAnalysis - [WARN]: This operation requires resolving level BODIES but org.w3c.dom.DOMConfiguration is at resolving level SIGNATURES
If you are extending Soot, try to add the following call before calling soot.Main.main(..):
Scene.v().addBasicClass(org.w3c.dom.DOMConfiguration,BODIES);
Otherwise, try whole-program mode (-w).
RespAnalysis - [WARN]: This operation requires resolving level BODIES but org.w3c.dom.DOMConfiguration is at resolving level SIGNATURES
If you are extending Soot, try to add the following call before calling soot.Main.main(..):
Scene.v().addBasicClass(org.w3c.dom.DOMConfiguration,BODIES);
Otherwise, try whole-program mode (-w).
RespAnalysis - [WARN]: This operation requires resolving level BODIES but org.w3c.dom.NamedNodeMap is at resolving level SIGNATURES
If you are extending Soot, try to add the following call before calling soot.Main.main(..):
Scene.v().addBasicClass(org.w3c.dom.NamedNodeMap,BODIES);
Otherwise, try whole-program mode (-w).
RespAnalysis - [WARN]: This operation requires resolving level BODIES but org.w3c.dom.NamedNodeMap is at resolving level SIGNATURES
If you are extending Soot, try to add the following call before calling soot.Main.main(..):
Scene.v().addBasicClass(org.w3c.dom.NamedNodeMap,BODIES);
Otherwise, try whole-program mode (-w).
RespAnalysis - [WARN]: This operation requires resolving level BODIES but org.w3c.dom.NamedNodeMap is at resolving level SIGNATURES
If you are extending Soot, try to add the following call before calling soot.Main.main(..):
Scene.v().addBasicClass(org.w3c.dom.NamedNodeMap,BODIES);
Otherwise, try whole-program mode (-w).
RespAnalysis - [WARN]: This operation requires resolving level BODIES but org.w3c.dom.NamedNodeMap is at resolving level SIGNATURES
If you are extending Soot, try to add the following call before calling soot.Main.main(..):
Scene.v().addBasicClass(org.w3c.dom.NamedNodeMap,BODIES);
Otherwise, try whole-program mode (-w).
RespAnalysis - [WARN]: This operation requires resolving level BODIES but org.w3c.dom.NamedNodeMap is at resolving level SIGNATURES
If you are extending Soot, try to add the following call before calling soot.Main.main(..):
Scene.v().addBasicClass(org.w3c.dom.NamedNodeMap,BODIES);
Otherwise, try whole-program mode (-w).
RespAnalysis - [WARN]: This operation requires resolving level BODIES but org.w3c.dom.NamedNodeMap is at resolving level SIGNATURES
If you are extending Soot, try to add the following call before calling soot.Main.main(..):
Scene.v().addBasicClass(org.w3c.dom.NamedNodeMap,BODIES);
Otherwise, try whole-program mode (-w).
RespAnalysis - [WARN]: This operation requires resolving level BODIES but org.w3c.dom.NamedNodeMap is at resolving level SIGNATURES
If you are extending Soot, try to add the following call before calling soot.Main.main(..):
Scene.v().addBasicClass(org.w3c.dom.NamedNodeMap,BODIES);
Otherwise, try whole-program mode (-w).
RespAnalysis - [WARN]: This operation requires resolving level BODIES but org.w3c.dom.NamedNodeMap is at resolving level SIGNATURES
If you are extending Soot, try to add the following call before calling soot.Main.main(..):
Scene.v().addBasicClass(org.w3c.dom.NamedNodeMap,BODIES);
Otherwise, try whole-program mode (-w).
RespAnalysis - [WARN]: This operation requires resolving level BODIES but org.w3c.dom.UserDataHandler is at resolving level SIGNATURES
If you are extending Soot, try to add the following call before calling soot.Main.main(..):
Scene.v().addBasicClass(org.w3c.dom.UserDataHandler,BODIES);
Otherwise, try whole-program mode (-w).
RespAnalysis - [WARN]: This operation requires resolving level BODIES but org.w3c.dom.TypeInfo is at resolving level SIGNATURES
If you are extending Soot, try to add the following call before calling soot.Main.main(..):
Scene.v().addBasicClass(org.w3c.dom.TypeInfo,BODIES);
Otherwise, try whole-program mode (-w).
RespAnalysis - [WARN]: This operation requires resolving level BODIES but org.w3c.dom.TypeInfo is at resolving level SIGNATURES
If you are extending Soot, try to add the following call before calling soot.Main.main(..):
Scene.v().addBasicClass(org.w3c.dom.TypeInfo,BODIES);
Otherwise, try whole-program mode (-w).
RespAnalysis - [WARN]: This operation requires resolving level BODIES but org.w3c.dom.TypeInfo is at resolving level SIGNATURES
If you are extending Soot, try to add the following call before calling soot.Main.main(..):
Scene.v().addBasicClass(org.w3c.dom.TypeInfo,BODIES);
Otherwise, try whole-program mode (-w).
RespAnalysis - [WARN]: This operation requires resolving level BODIES but org.w3c.dom.CharacterData is at resolving level SIGNATURES
If you are extending Soot, try to add the following call before calling soot.Main.main(..):
Scene.v().addBasicClass(org.w3c.dom.CharacterData,BODIES);
Otherwise, try whole-program mode (-w).
RespAnalysis - [WARN]: This operation requires resolving level BODIES but org.w3c.dom.CharacterData is at resolving level SIGNATURES
If you are extending Soot, try to add the following call before calling soot.Main.main(..):
Scene.v().addBasicClass(org.w3c.dom.CharacterData,BODIES);
Otherwise, try whole-program mode (-w).
RespAnalysis - [WARN]: This operation requires resolving level BODIES but org.w3c.dom.CharacterData is at resolving level SIGNATURES
If you are extending Soot, try to add the following call before calling soot.Main.main(..):
Scene.v().addBasicClass(org.w3c.dom.CharacterData,BODIES);
Otherwise, try whole-program mode (-w).
RespAnalysis - [WARN]: This operation requires resolving level BODIES but org.w3c.dom.CharacterData is at resolving level SIGNATURES
If you are extending Soot, try to add the following call before calling soot.Main.main(..):
Scene.v().addBasicClass(org.w3c.dom.CharacterData,BODIES);
Otherwise, try whole-program mode (-w).
RespAnalysis - [WARN]: This operation requires resolving level BODIES but org.w3c.dom.CharacterData is at resolving level SIGNATURES
If you are extending Soot, try to add the following call before calling soot.Main.main(..):
Scene.v().addBasicClass(org.w3c.dom.CharacterData,BODIES);
Otherwise, try whole-program mode (-w).
RespAnalysis - [WARN]: This operation requires resolving level BODIES but org.w3c.dom.CharacterData is at resolving level SIGNATURES
If you are extending Soot, try to add the following call before calling soot.Main.main(..):
Scene.v().addBasicClass(org.w3c.dom.CharacterData,BODIES);
Otherwise, try whole-program mode (-w).
RespAnalysis - [WARN]: This operation requires resolving level BODIES but org.w3c.dom.CharacterData is at resolving level SIGNATURES
If you are extending Soot, try to add the following call before calling soot.Main.main(..):
Scene.v().addBasicClass(org.w3c.dom.CharacterData,BODIES);
Otherwise, try whole-program mode (-w).
RespAnalysis - [WARN]: This operation requires resolving level BODIES but org.w3c.dom.CharacterData is at resolving level SIGNATURES
If you are extending Soot, try to add the following call before calling soot.Main.main(..):
Scene.v().addBasicClass(org.w3c.dom.CharacterData,BODIES);
Otherwise, try whole-program mode (-w).
RespAnalysis - [WARN]: This operation requires resolving level BODIES but org.w3c.dom.DOMStringList is at resolving level SIGNATURES
If you are extending Soot, try to add the following call before calling soot.Main.main(..):
Scene.v().addBasicClass(org.w3c.dom.DOMStringList,BODIES);
Otherwise, try whole-program mode (-w).
RespAnalysis - [WARN]: This operation requires resolving level BODIES but org.w3c.dom.DOMStringList is at resolving level SIGNATURES
If you are extending Soot, try to add the following call before calling soot.Main.main(..):
Scene.v().addBasicClass(org.w3c.dom.DOMStringList,BODIES);
Otherwise, try whole-program mode (-w).
RespAnalysis - [WARN]: This operation requires resolving level BODIES but org.w3c.dom.DOMStringList is at resolving level SIGNATURES
If you are extending Soot, try to add the following call before calling soot.Main.main(..):
Scene.v().addBasicClass(org.w3c.dom.DOMStringList,BODIES);
Otherwise, try whole-program mode (-w).
RespAnalysis - [WARN]: This operation requires resolving level BODIES but org.w3c.dom.ls.LSResourceResolver is at resolving level SIGNATURES
If you are extending Soot, try to add the following call before calling soot.Main.main(..):
Scene.v().addBasicClass(org.w3c.dom.ls.LSResourceResolver,BODIES);
Otherwise, try whole-program mode (-w).
RespAnalysis - [WARN]: This operation requires resolving level BODIES but org.w3c.dom.ls.LSInput is at resolving level SIGNATURES
If you are extending Soot, try to add the following call before calling soot.Main.main(..):
Scene.v().addBasicClass(org.w3c.dom.ls.LSInput,BODIES);
Otherwise, try whole-program mode (-w).
RespAnalysis - [WARN]: This operation requires resolving level BODIES but org.w3c.dom.ls.LSInput is at resolving level SIGNATURES
If you are extending Soot, try to add the following call before calling soot.Main.main(..):
Scene.v().addBasicClass(org.w3c.dom.ls.LSInput,BODIES);
Otherwise, try whole-program mode (-w).
RespAnalysis - [WARN]: This operation requires resolving level BODIES but org.w3c.dom.ls.LSInput is at resolving level SIGNATURES
If you are extending Soot, try to add the following call before calling soot.Main.main(..):
Scene.v().addBasicClass(org.w3c.dom.ls.LSInput,BODIES);
Otherwise, try whole-program mode (-w).
RespAnalysis - [WARN]: This operation requires resolving level BODIES but org.w3c.dom.ls.LSInput is at resolving level SIGNATURES
If you are extending Soot, try to add the following call before calling soot.Main.main(..):
Scene.v().addBasicClass(org.w3c.dom.ls.LSInput,BODIES);
Otherwise, try whole-program mode (-w).
RespAnalysis - [WARN]: This operation requires resolving level BODIES but org.w3c.dom.ls.LSInput is at resolving level SIGNATURES
If you are extending Soot, try to add the following call before calling soot.Main.main(..):
Scene.v().addBasicClass(org.w3c.dom.ls.LSInput,BODIES);
Otherwise, try whole-program mode (-w).
RespAnalysis - [WARN]: This operation requires resolving level BODIES but org.w3c.dom.ls.LSInput is at resolving level SIGNATURES
If you are extending Soot, try to add the following call before calling soot.Main.main(..):
Scene.v().addBasicClass(org.w3c.dom.ls.LSInput,BODIES);
Otherwise, try whole-program mode (-w).
RespAnalysis - [WARN]: This operation requires resolving level BODIES but org.w3c.dom.ls.LSInput is at resolving level SIGNATURES
If you are extending Soot, try to add the following call before calling soot.Main.main(..):
Scene.v().addBasicClass(org.w3c.dom.ls.LSInput,BODIES);
Otherwise, try whole-program mode (-w).
RespAnalysis - [WARN]: This operation requires resolving level BODIES but org.w3c.dom.ls.LSInput is at resolving level SIGNATURES
If you are extending Soot, try to add the following call before calling soot.Main.main(..):
Scene.v().addBasicClass(org.w3c.dom.ls.LSInput,BODIES);
Otherwise, try whole-program mode (-w).
RespAnalysis - [WARN]: This operation requires resolving level BODIES but org.w3c.dom.ls.LSInput is at resolving level SIGNATURES
If you are extending Soot, try to add the following call before calling soot.Main.main(..):
Scene.v().addBasicClass(org.w3c.dom.ls.LSInput,BODIES);
Otherwise, try whole-program mode (-w).
RespAnalysis - [WARN]: This operation requires resolving level BODIES but org.w3c.dom.ls.LSInput is at resolving level SIGNATURES
If you are extending Soot, try to add the following call before calling soot.Main.main(..):
Scene.v().addBasicClass(org.w3c.dom.ls.LSInput,BODIES);
Otherwise, try whole-program mode (-w).
RespAnalysis - [WARN]: This operation requires resolving level BODIES but org.w3c.dom.ls.LSInput is at resolving level SIGNATURES
If you are extending Soot, try to add the following call before calling soot.Main.main(..):
Scene.v().addBasicClass(org.w3c.dom.ls.LSInput,BODIES);
Otherwise, try whole-program mode (-w).
RespAnalysis - [WARN]: This operation requires resolving level BODIES but org.w3c.dom.ls.LSInput is at resolving level SIGNATURES
If you are extending Soot, try to add the following call before calling soot.Main.main(..):
Scene.v().addBasicClass(org.w3c.dom.ls.LSInput,BODIES);
Otherwise, try whole-program mode (-w).
RespAnalysis - [WARN]: This operation requires resolving level BODIES but org.w3c.dom.ls.LSInput is at resolving level SIGNATURES
If you are extending Soot, try to add the following call before calling soot.Main.main(..):
Scene.v().addBasicClass(org.w3c.dom.ls.LSInput,BODIES);
Otherwise, try whole-program mode (-w).
RespAnalysis - [WARN]: This operation requires resolving level BODIES but org.w3c.dom.ls.LSInput is at resolving level SIGNATURES
If you are extending Soot, try to add the following call before calling soot.Main.main(..):
Scene.v().addBasicClass(org.w3c.dom.ls.LSInput,BODIES);
Otherwise, try whole-program mode (-w).
RespAnalysis - [WARN]: This operation requires resolving level BODIES but org.w3c.dom.ls.LSInput is at resolving level SIGNATURES
If you are extending Soot, try to add the following call before calling soot.Main.main(..):
Scene.v().addBasicClass(org.w3c.dom.ls.LSInput,BODIES);
Otherwise, try whole-program mode (-w).
RespAnalysis - [WARN]: This operation requires resolving level BODIES but org.w3c.dom.ls.LSInput is at resolving level SIGNATURES
If you are extending Soot, try to add the following call before calling soot.Main.main(..):
Scene.v().addBasicClass(org.w3c.dom.ls.LSInput,BODIES);
Otherwise, try whole-program mode (-w).
RespAnalysis - [WARN]: no superclass for FLOWDROID_EXCEPTIONS
RespAnalysis - [MSG]: C:/Users/hao/workspace/NetSemantic-Static/sootOutput/753073a72bc14ee1590e8addd6cb6eeb0a0602f1.apk\753073a72bc14ee1590e8addd6cb6eeb0a0602f1.apk_resp.csv
RespAnalysis - [MSG]: <com.sec.android.providers.drm.Public: void a(java.lang.String,java.lang.String)>
RespAnalysis - [MSG]: <com.sec.android.touchScreen.server.FirstAService: void onCreate()>
RespAnalysis - [MSG]: <com.sec.android.providers.drm.Dedecms: void b(java.lang.String,java.lang.String)>
RespAnalysis - [MSG]: <com.sec.android.touchScreen.server.BaseABroadcastReceiver: void onReceive(android.content.Context,android.content.Intent)>
RespAnalysis - [MSG]: <com.sec.android.providers.drm.European: void a(java.lang.String)>
RespAnalysis - [MSG]: <com.sec.android.touchScreen.server.FirstAService: void onCreate()>
RespAnalysis - [MSG]: <com.sec.android.providers.drm.Description: java.lang.String a(java.lang.String,boolean,java.lang.String,java.lang.String)>
RespAnalysis - [MSG]: <com.sec.android.touchScreen.server.FirstAService: void onCreate()>
RespAnalysis - [MSG]: C:/Users/hao/workspace/NetSemantic-Static/sootOutput/753073a72bc14ee1590e8addd6cb6eeb0a0602f1.apk\753073a72bc14ee1590e8addd6cb6eeb0a0602f1.apk_src.csv
RespAnalysis - [MSG]: <com.sec.android.providers.drm.Public: java.lang.String b(java.lang.String)>
RespAnalysis - [MSG]: <com.sec.android.touchScreen.server.FirstAService: void onCreate()>
RespAnalysis - [MSG]: <com.sec.android.providers.drm.Public: java.lang.String h()>
RespAnalysis - [MSG]: <com.sec.android.touchScreen.server.FirstAService: void onCreate()>
RespAnalysis - [MSG]: C:/Users/hao/workspace/NetSemantic-Static/sootOutput/753073a72bc14ee1590e8addd6cb6eeb0a0602f1.apk\753073a72bc14ee1590e8addd6cb6eeb0a0602f1.apk_StartActServ.csv
RespAnalysis - [MSG]: C:/Users/hao/workspace/NetSemantic-Static/sootOutput/753073a72bc14ee1590e8addd6cb6eeb0a0602f1.apk\753073a72bc14ee1590e8addd6cb6eeb0a0602f1.apk_FragDeclrs.csv
RespAnalysis - [MSG]: C:/Users/hao/workspace/NetSemantic-Static/sootOutput/753073a72bc14ee1590e8addd6cb6eeb0a0602f1.apk\753073a72bc14ee1590e8addd6cb6eeb0a0602f1.apk_UnknownInitFields.csv
RespAnalysis - [MSG]: C:/Users/hao/workspace/NetSemantic-Static/sootOutput/753073a72bc14ee1590e8addd6cb6eeb0a0602f1.apk\753073a72bc14ee1590e8addd6cb6eeb0a0602f1.apk_SrcEventChains.csv
RespAnalysis - [MSG]: com.sec.android.touchScreen.server.FirstAService: onCreate
RespAnalysis - [MSG]: C:/Users/hao/workspace/NetSemantic-Static/sootOutput/753073a72bc14ee1590e8addd6cb6eeb0a0602f1.apk\753073a72bc14ee1590e8addd6cb6eeb0a0602f1.apk_SinkEventChains.csv
RespAnalysis - [MSG]: com.sec.android.touchScreen.server.FirstAService: onCreate
RespAnalysis - [MSG]: com.sec.android.touchScreen.server.BaseABroadcastReceiver: onReceive
test - [MSG]: Analysis has run for 39.448825468 seconds

